{"/home/travis/build/npmtest/node-npmtest-qs/test.js":{"path":"/home/travis/build/npmtest/node-npmtest-qs/test.js","s":{"1":2,"2":2,"3":2,"4":2,"5":2,"6":2,"7":2,"8":1,"9":2,"10":2,"11":1,"12":1,"13":1,"14":1,"15":2,"16":2,"17":2,"18":2,"19":1,"20":1,"21":2,"22":2,"23":2,"24":1,"25":1,"26":1,"27":1,"28":1,"29":1,"30":1,"31":1,"32":1,"33":1,"34":1,"35":1,"36":1,"37":1,"38":1,"39":2,"40":2,"41":1,"42":2,"43":2,"44":1,"45":2,"46":2,"47":1,"48":2,"49":2,"50":1,"51":1,"52":1,"53":1,"54":1},"b":{"1":[2,1,1,1],"2":[1,1,1,1],"3":[1,1],"4":[1,1],"5":[1,1],"6":[1,1],"7":[1,1],"8":[1,1],"9":[1,1],"10":[1,1,1],"11":[1,1],"12":[1,1],"13":[1,1],"14":[1,1],"15":[1,1],"16":[1,1],"17":[1,1]},"f":{"1":2,"2":2,"3":2,"4":2,"5":2,"6":1,"7":1,"8":1,"9":2,"10":2,"11":2,"12":2,"13":1},"fnMap":{"1":{"name":"(anonymous_1)","line":12,"loc":{"start":{"line":12,"column":1},"end":{"line":12,"column":13}}},"2":{"name":"(anonymous_2)","line":19,"loc":{"start":{"line":19,"column":5},"end":{"line":19,"column":17}}},"3":{"name":"(anonymous_3)","line":23,"loc":{"start":{"line":23,"column":24},"end":{"line":23,"column":36}}},"4":{"name":"(anonymous_4)","line":61,"loc":{"start":{"line":61,"column":5},"end":{"line":61,"column":17}}},"5":{"name":"(anonymous_5)","line":82,"loc":{"start":{"line":82,"column":5},"end":{"line":82,"column":17}}},"6":{"name":"(anonymous_6)","line":91,"loc":{"start":{"line":91,"column":77},"end":{"line":94,"column":10}}},"7":{"name":"(anonymous_7)","line":112,"loc":{"start":{"line":112,"column":83},"end":{"line":115,"column":10}},"skip":true},"8":{"name":"(anonymous_8)","line":123,"loc":{"start":{"line":123,"column":77},"end":{"line":126,"column":10}},"skip":true},"9":{"name":"(anonymous_9)","line":139,"loc":{"start":{"line":139,"column":12},"end":{"line":139,"column":40}},"skip":true},"10":{"name":"(anonymous_10)","line":147,"loc":{"start":{"line":147,"column":77},"end":{"line":150,"column":10}},"skip":true},"11":{"name":"(anonymous_11)","line":158,"loc":{"start":{"line":158,"column":83},"end":{"line":161,"column":10}},"skip":true},"12":{"name":"(anonymous_12)","line":169,"loc":{"start":{"line":169,"column":79},"end":{"line":172,"column":10}},"skip":true},"13":{"name":"(anonymous_13)","line":180,"loc":{"start":{"line":180,"column":75},"end":{"line":183,"column":10}},"skip":true}},"statementMap":{"1":{"start":{"line":12,"column":0},"end":{"line":195,"column":5}},"2":{"start":{"line":14,"column":4},"end":{"line":14,"column":14}},"3":{"start":{"line":19,"column":4},"end":{"line":56,"column":9}},"4":{"start":{"line":21,"column":8},"end":{"line":21,"column":19}},"5":{"start":{"line":23,"column":8},"end":{"line":35,"column":13}},"6":{"start":{"line":24,"column":12},"end":{"line":34,"column":13}},"7":{"start":{"line":25,"column":16},"end":{"line":28,"column":30}},"8":{"start":{"line":30,"column":16},"end":{"line":33,"column":27}},"9":{"start":{"line":37,"column":8},"end":{"line":39,"column":21}},"10":{"start":{"line":40,"column":8},"end":{"line":53,"column":9}},"11":{"start":{"line":43,"column":12},"end":{"line":46,"column":14}},"12":{"start":{"line":47,"column":12},"end":{"line":47,"column":18}},"13":{"start":{"line":50,"column":12},"end":{"line":51,"column":46}},"14":{"start":{"line":52,"column":12},"end":{"line":52,"column":18}},"15":{"start":{"line":55,"column":8},"end":{"line":55,"column":35}},"16":{"start":{"line":61,"column":4},"end":{"line":63,"column":9}},"17":{"start":{"line":62,"column":8},"end":{"line":62,"column":15}},"18":{"start":{"line":64,"column":4},"end":{"line":77,"column":5}},"19":{"start":{"line":70,"column":8},"end":{"line":70,"column":14}},"20":{"start":{"line":76,"column":8},"end":{"line":76,"column":14}},"21":{"start":{"line":82,"column":4},"end":{"line":84,"column":9}},"22":{"start":{"line":83,"column":8},"end":{"line":83,"column":15}},"23":{"start":{"line":85,"column":4},"end":{"line":194,"column":5}},"24":{"start":{"line":91,"column":8},"end":{"line":99,"column":10}},"25":{"start":{"line":98,"column":12},"end":{"line":98,"column":35}},"26":{"start":{"line":102,"column":8},"end":{"line":104,"column":63}},"27":{"start":{"line":105,"column":8},"end":{"line":105,"column":14}},"28":{"start":{"line":112,"column":8},"end":{"line":121,"column":10},"skip":true},"29":{"start":{"line":119,"column":12},"end":{"line":119,"column":55},"skip":true},"30":{"start":{"line":120,"column":12},"end":{"line":120,"column":48},"skip":true},"31":{"start":{"line":123,"column":8},"end":{"line":136,"column":10},"skip":true},"32":{"start":{"line":130,"column":12},"end":{"line":130,"column":76},"skip":true},"33":{"start":{"line":131,"column":12},"end":{"line":131,"column":73},"skip":true},"34":{"start":{"line":132,"column":12},"end":{"line":132,"column":74},"skip":true},"35":{"start":{"line":133,"column":12},"end":{"line":133,"column":79},"skip":true},"36":{"start":{"line":134,"column":12},"end":{"line":134,"column":25},"skip":true},"37":{"start":{"line":135,"column":12},"end":{"line":135,"column":45},"skip":true},"38":{"start":{"line":138,"column":8},"end":{"line":145,"column":14},"skip":true},"39":{"start":{"line":143,"column":16},"end":{"line":143,"column":29},"skip":true},"40":{"start":{"line":144,"column":16},"end":{"line":144,"column":55},"skip":true},"41":{"start":{"line":147,"column":8},"end":{"line":156,"column":10},"skip":true},"42":{"start":{"line":154,"column":12},"end":{"line":154,"column":25},"skip":true},"43":{"start":{"line":155,"column":12},"end":{"line":155,"column":45},"skip":true},"44":{"start":{"line":158,"column":8},"end":{"line":167,"column":10},"skip":true},"45":{"start":{"line":165,"column":12},"end":{"line":165,"column":25},"skip":true},"46":{"start":{"line":166,"column":12},"end":{"line":166,"column":48},"skip":true},"47":{"start":{"line":169,"column":8},"end":{"line":178,"column":10},"skip":true},"48":{"start":{"line":176,"column":12},"end":{"line":176,"column":25},"skip":true},"49":{"start":{"line":177,"column":12},"end":{"line":177,"column":46},"skip":true},"50":{"start":{"line":180,"column":8},"end":{"line":189,"column":10},"skip":true},"51":{"start":{"line":187,"column":12},"end":{"line":187,"column":94},"skip":true},"52":{"start":{"line":188,"column":12},"end":{"line":188,"column":48},"skip":true},"53":{"start":{"line":192,"column":8},"end":{"line":192,"column":35},"skip":true},"54":{"start":{"line":193,"column":8},"end":{"line":193,"column":14},"skip":true}},"branchMap":{"1":{"line":25,"type":"binary-expr","locations":[{"start":{"line":25,"column":23},"end":{"line":25,"column":62}},{"start":{"line":26,"column":20},"end":{"line":26,"column":70}},{"start":{"line":27,"column":20},"end":{"line":27,"column":71}},{"start":{"line":28,"column":20},"end":{"line":28,"column":29}}]},"2":{"line":30,"type":"binary-expr","locations":[{"start":{"line":30,"column":23},"end":{"line":30,"column":37}},{"start":{"line":31,"column":20},"end":{"line":31,"column":61}},{"start":{"line":32,"column":20},"end":{"line":32,"column":70}},{"start":{"line":33,"column":20},"end":{"line":33,"column":26}}]},"3":{"line":37,"type":"cond-expr","locations":[{"start":{"line":38,"column":14},"end":{"line":38,"column":20}},{"start":{"line":39,"column":14},"end":{"line":39,"column":20}}]},"4":{"line":40,"type":"switch","locations":[{"start":{"line":42,"column":8},"end":{"line":47,"column":18}},{"start":{"line":49,"column":8},"end":{"line":52,"column":18}}]},"5":{"line":44,"type":"binary-expr","locations":[{"start":{"line":44,"column":16},"end":{"line":44,"column":44}},{"start":{"line":44,"column":48},"end":{"line":44,"column":66}}]},"6":{"line":50,"type":"binary-expr","locations":[{"start":{"line":50,"column":21},"end":{"line":50,"column":49}},{"start":{"line":50,"column":53},"end":{"line":50,"column":72}}]},"7":{"line":64,"type":"switch","locations":[{"start":{"line":69,"column":4},"end":{"line":70,"column":14}},{"start":{"line":75,"column":4},"end":{"line":76,"column":14}}]},"8":{"line":85,"type":"switch","locations":[{"start":{"line":90,"column":4},"end":{"line":105,"column":14}},{"start":{"line":111,"column":4},"end":{"line":193,"column":14},"skip":true}]},"9":{"line":91,"type":"binary-expr","locations":[{"start":{"line":91,"column":42},"end":{"line":91,"column":73}},{"start":{"line":91,"column":77},"end":{"line":99,"column":9}}]},"10":{"line":102,"type":"binary-expr","locations":[{"start":{"line":102,"column":18},"end":{"line":102,"column":32}},{"start":{"line":103,"column":12},"end":{"line":103,"column":53}},{"start":{"line":104,"column":12},"end":{"line":104,"column":61}}]},"11":{"line":112,"type":"binary-expr","locations":[{"start":{"line":112,"column":45},"end":{"line":112,"column":79},"skip":true},{"start":{"line":112,"column":83},"end":{"line":121,"column":9},"skip":true}]},"12":{"line":123,"type":"binary-expr","locations":[{"start":{"line":123,"column":42},"end":{"line":123,"column":73},"skip":true},{"start":{"line":123,"column":77},"end":{"line":136,"column":9},"skip":true}]},"13":{"line":138,"type":"binary-expr","locations":[{"start":{"line":138,"column":48},"end":{"line":138,"column":85},"skip":true},{"start":{"line":139,"column":12},"end":{"line":145,"column":13},"skip":true}]},"14":{"line":147,"type":"binary-expr","locations":[{"start":{"line":147,"column":42},"end":{"line":147,"column":73},"skip":true},{"start":{"line":147,"column":77},"end":{"line":156,"column":9},"skip":true}]},"15":{"line":158,"type":"binary-expr","locations":[{"start":{"line":158,"column":45},"end":{"line":158,"column":79},"skip":true},{"start":{"line":158,"column":83},"end":{"line":167,"column":9},"skip":true}]},"16":{"line":169,"type":"binary-expr","locations":[{"start":{"line":169,"column":43},"end":{"line":169,"column":75},"skip":true},{"start":{"line":169,"column":79},"end":{"line":178,"column":9},"skip":true}]},"17":{"line":180,"type":"binary-expr","locations":[{"start":{"line":180,"column":41},"end":{"line":180,"column":71},"skip":true},{"start":{"line":180,"column":75},"end":{"line":189,"column":9},"skip":true}]}},"code":["/* istanbul instrument in package npmtest_qs */","/*jslint","    bitwise: true,","    browser: true,","    maxerr: 8,","    maxlen: 96,","    node: true,","    nomen: true,","    regexp: true,","    stupid: true","*/","(function () {","    'use strict';","    var local;","","","","    // run shared js-env code - pre-init","    (function () {","        // init local","        local = {};","        // init modeJs","        local.modeJs = (function () {","            try {","                return typeof navigator.userAgent === 'string' &&","                    typeof document.querySelector('body') === 'object' &&","                    typeof XMLHttpRequest.prototype.open === 'function' &&","                    'browser';","            } catch (errorCaughtBrowser) {","                return module.exports &&","                    typeof process.versions.node === 'string' &&","                    typeof require('http').createServer === 'function' &&","                    'node';","            }","        }());","        // init global","        local.global = local.modeJs === 'browser'","            ? window","            : global;","        switch (local.modeJs) {","        // re-init local from window.local","        case 'browser':","            local = local.global.utility2.objectSetDefault(","                local.global.utility2_rollup || local.global.local,","                local.global.utility2","            );","            break;","        // re-init local from example.js","        case 'node':","            local = (local.global.utility2_rollup || require('utility2'))","                .requireExampleJsFromReadme();","            break;","        }","        // export local","        local.global.local = local;","    }());","","","","    // run shared js-env code - function","    (function () {","        return;","    }());","    switch (local.modeJs) {","","","","    // run browser js-env code - function","    case 'browser':","        break;","","","","    // run node js-env code - function","    case 'node':","        break;","    }","","","","    // run shared js-env code - post-init","    (function () {","        return;","    }());","    switch (local.modeJs) {","","","","    // run browser js-env code - post-init","    case 'browser':","        local.testCase_browser_nullCase = local.testCase_browser_nullCase || function (","            options,","            onError","        ) {","        /*","         * this function will test browsers's null-case handling-behavior-behavior","         */","            onError(null, options);","        };","","        // run tests","        local.nop(local.modeTest &&","            document.querySelector('#testRunButton1') &&","            document.querySelector('#testRunButton1').click());","        break;","","","","    // run node js-env code - post-init","    /* istanbul ignore next */","    case 'node':","        local.testCase_buildApidoc_default = local.testCase_buildApidoc_default || function (","            options,","            onError","        ) {","        /*","         * this function will test buildApidoc's default handling-behavior-behavior","         */","            options = { modulePathList: module.paths };","            local.buildApidoc(options, onError);","        };","","        local.testCase_buildApp_default = local.testCase_buildApp_default || function (","            options,","            onError","        ) {","        /*","         * this function will test buildApp's default handling-behavior-behavior","         */","            local.testCase_buildReadme_default(options, local.onErrorThrow);","            local.testCase_buildLib_default(options, local.onErrorThrow);","            local.testCase_buildTest_default(options, local.onErrorThrow);","            local.testCase_buildCustomOrg_default(options, local.onErrorThrow);","            options = [];","            local.buildApp(options, onError);","        };","","        local.testCase_buildCustomOrg_default = local.testCase_buildCustomOrg_default ||","            function (options, onError) {","            /*","             * this function will test buildCustomOrg's default handling-behavior","             */","                options = {};","                local.buildCustomOrg(options, onError);","            };","","        local.testCase_buildLib_default = local.testCase_buildLib_default || function (","            options,","            onError","        ) {","        /*","         * this function will test buildLib's default handling-behavior","         */","            options = {};","            local.buildLib(options, onError);","        };","","        local.testCase_buildReadme_default = local.testCase_buildReadme_default || function (","            options,","            onError","        ) {","        /*","         * this function will test buildReadme's default handling-behavior-behavior","         */","            options = {};","            local.buildReadme(options, onError);","        };","","        local.testCase_buildTest_default = local.testCase_buildTest_default || function (","            options,","            onError","        ) {","        /*","         * this function will test buildTest's default handling-behavior","         */","            options = {};","            local.buildTest(options, onError);","        };","","        local.testCase_webpage_default = local.testCase_webpage_default || function (","            options,","            onError","        ) {","        /*","         * this function will test webpage's default handling-behavior","         */","            options = { modeCoverageMerge: true, url: local.serverLocalHost + '?modeTest=1' };","            local.browserTest(options, onError);","        };","","        // run test-server","        local.testRunServer(local);","        break;","    }","}());",""],"l":{"12":2,"14":2,"19":2,"21":2,"23":2,"24":2,"25":2,"30":1,"37":2,"40":2,"43":1,"47":1,"50":1,"52":1,"55":2,"61":2,"62":2,"64":2,"70":1,"76":1,"82":2,"83":2,"85":2,"91":1,"98":1,"102":1,"105":1,"112":1,"119":1,"120":1,"123":1,"130":1,"131":1,"132":1,"133":1,"134":1,"135":1,"138":1,"143":2,"144":2,"147":1,"154":2,"155":2,"158":1,"165":2,"166":2,"169":1,"176":2,"177":2,"180":1,"187":1,"188":1,"192":1,"193":1}},"/home/travis/build/npmtest/node-npmtest-qs/lib.npmtest_qs.js":{"path":"/home/travis/build/npmtest/node-npmtest-qs/lib.npmtest_qs.js","s":{"1":2,"2":2,"3":2,"4":2,"5":2,"6":2,"7":2,"8":1,"9":2,"10":2,"11":2,"12":2,"13":1,"14":1,"15":1,"16":1},"b":{"1":[2,1,1,1],"2":[1,1,1,1],"3":[1,1],"4":[2,2],"5":[1,1]},"f":{"1":2,"2":2,"3":2},"fnMap":{"1":{"name":"(anonymous_1)","line":12,"loc":{"start":{"line":12,"column":1},"end":{"line":12,"column":13}}},"2":{"name":"(anonymous_2)","line":19,"loc":{"start":{"line":19,"column":5},"end":{"line":19,"column":17}}},"3":{"name":"(anonymous_3)","line":23,"loc":{"start":{"line":23,"column":24},"end":{"line":23,"column":36}}}},"statementMap":{"1":{"start":{"line":12,"column":0},"end":{"line":53,"column":5}},"2":{"start":{"line":14,"column":4},"end":{"line":14,"column":14}},"3":{"start":{"line":19,"column":4},"end":{"line":52,"column":9}},"4":{"start":{"line":21,"column":8},"end":{"line":21,"column":19}},"5":{"start":{"line":23,"column":8},"end":{"line":35,"column":13}},"6":{"start":{"line":24,"column":12},"end":{"line":34,"column":13}},"7":{"start":{"line":25,"column":16},"end":{"line":28,"column":30}},"8":{"start":{"line":30,"column":16},"end":{"line":33,"column":27}},"9":{"start":{"line":37,"column":8},"end":{"line":39,"column":21}},"10":{"start":{"line":41,"column":8},"end":{"line":41,"column":54}},"11":{"start":{"line":43,"column":8},"end":{"line":43,"column":47}},"12":{"start":{"line":45,"column":8},"end":{"line":51,"column":9}},"13":{"start":{"line":46,"column":12},"end":{"line":46,"column":53}},"14":{"start":{"line":48,"column":12},"end":{"line":48,"column":35}},"15":{"start":{"line":49,"column":12},"end":{"line":49,"column":49}},"16":{"start":{"line":50,"column":12},"end":{"line":50,"column":43}}},"branchMap":{"1":{"line":25,"type":"binary-expr","locations":[{"start":{"line":25,"column":23},"end":{"line":25,"column":62}},{"start":{"line":26,"column":20},"end":{"line":26,"column":70}},{"start":{"line":27,"column":20},"end":{"line":27,"column":71}},{"start":{"line":28,"column":20},"end":{"line":28,"column":29}}]},"2":{"line":30,"type":"binary-expr","locations":[{"start":{"line":30,"column":23},"end":{"line":30,"column":37}},{"start":{"line":31,"column":20},"end":{"line":31,"column":61}},{"start":{"line":32,"column":20},"end":{"line":32,"column":70}},{"start":{"line":33,"column":20},"end":{"line":33,"column":26}}]},"3":{"line":37,"type":"cond-expr","locations":[{"start":{"line":38,"column":14},"end":{"line":38,"column":20}},{"start":{"line":39,"column":14},"end":{"line":39,"column":20}}]},"4":{"line":41,"type":"binary-expr","locations":[{"start":{"line":41,"column":16},"end":{"line":41,"column":44}},{"start":{"line":41,"column":48},"end":{"line":41,"column":53}}]},"5":{"line":45,"type":"if","locations":[{"start":{"line":45,"column":8},"end":{"line":45,"column":8}},{"start":{"line":45,"column":8},"end":{"line":45,"column":8}}]}},"code":["/* istanbul instrument in package npmtest_qs */","/*jslint","    bitwise: true,","    browser: true,","    maxerr: 8,","    maxlen: 96,","    node: true,","    nomen: true,","    regexp: true,","    stupid: true","*/","(function () {","    'use strict';","    var local;","","","","    // run shared js-env code - pre-init","    (function () {","        // init local","        local = {};","        // init modeJs","        local.modeJs = (function () {","            try {","                return typeof navigator.userAgent === 'string' &&","                    typeof document.querySelector('body') === 'object' &&","                    typeof XMLHttpRequest.prototype.open === 'function' &&","                    'browser';","            } catch (errorCaughtBrowser) {","                return module.exports &&","                    typeof process.versions.node === 'string' &&","                    typeof require('http').createServer === 'function' &&","                    'node';","            }","        }());","        // init global","        local.global = local.modeJs === 'browser'","            ? window","            : global;","        // init utility2_rollup","        local = local.global.utility2_rollup || local;","        // init lib","        local.local = local.npmtest_qs = local;","        // init exports","        if (local.modeJs === 'browser') {","            local.global.utility2_npmtest_qs = local;","        } else {","            module.exports = local;","            module.exports.__dirname = __dirname;","            module.exports.module = module;","        }","    }());","}());",""],"l":{"12":2,"14":2,"19":2,"21":2,"23":2,"24":2,"25":2,"30":1,"37":2,"41":2,"43":2,"45":2,"46":1,"48":1,"49":1,"50":1}},"/home/travis/build/npmtest/node-npmtest-qs/example.js":{"path":"/home/travis/build/npmtest/node-npmtest-qs/example.js","s":{"1":2,"2":2,"3":2,"4":2,"5":2,"6":2,"7":2,"8":1,"9":2,"10":2,"11":2,"12":2,"13":1,"14":2,"15":2,"16":2,"17":2,"18":2,"19":0,"20":2,"21":1,"22":1,"23":1,"24":1,"25":1,"26":0,"27":0,"28":1,"29":1,"30":2,"31":0,"32":0,"33":0,"34":1,"35":2,"36":2,"37":3,"38":3,"39":3,"40":3,"41":0,"42":3,"43":3,"44":3,"45":1,"46":3,"47":1,"48":1,"49":1,"50":1,"51":1,"52":1,"53":1,"54":1,"55":1,"56":1,"57":0,"58":1,"59":6,"60":6,"61":1,"62":2,"63":0,"64":2,"65":1,"66":1,"67":0,"68":0,"69":0,"70":0,"71":0,"72":0,"73":0,"74":0,"75":0,"76":0,"77":0,"78":0,"79":0,"80":0,"81":0,"82":0,"83":0},"b":{"1":[2,1,1,1],"2":[1,1,1,1],"3":[1,1],"4":[2,2],"5":[1,1],"6":[1,1],"7":[2,0],"8":[2,1,1,1,1,1],"9":[0,2,0],"10":[1,1],"11":[2,1,1],"12":[1,0],"13":[0,2],"14":[2,0,0,0,0,0,0],"15":[0,3],"16":[3,0],"17":[1,1],"18":[0,1],"19":[1,2,0,2],"20":[1,0],"21":[1,1],"22":[0,0],"23":[0,0],"24":[0,0],"25":[0,0],"26":[0,0],"27":[0,0],"28":[0,0]},"f":{"1":2,"2":2,"3":2,"4":2,"5":2,"6":2,"7":3,"8":3,"9":3,"10":1,"11":6,"12":0},"fnMap":{"1":{"name":"(anonymous_1)","line":26,"loc":{"start":{"line":26,"column":1},"end":{"line":26,"column":13}}},"2":{"name":"(anonymous_2)","line":33,"loc":{"start":{"line":33,"column":5},"end":{"line":33,"column":17}}},"3":{"name":"(anonymous_3)","line":37,"loc":{"start":{"line":37,"column":24},"end":{"line":37,"column":36}}},"4":{"name":"(anonymous_4)","line":69,"loc":{"start":{"line":69,"column":31},"end":{"line":69,"column":48}},"skip":true},"5":{"name":"(anonymous_5)","line":78,"loc":{"start":{"line":78,"column":26},"end":{"line":78,"column":45}},"skip":true},"6":{"name":"(anonymous_6)","line":123,"loc":{"start":{"line":123,"column":33},"end":{"line":123,"column":48}},"skip":true},"7":{"name":"(anonymous_7)","line":125,"loc":{"start":{"line":125,"column":27},"end":{"line":125,"column":39}},"skip":true},"8":{"name":"(anonymous_8)","line":133,"loc":{"start":{"line":133,"column":59},"end":{"line":133,"column":74}},"skip":true},"9":{"name":"(anonymous_9)","line":143,"loc":{"start":{"line":143,"column":45},"end":{"line":143,"column":62}},"skip":true},"10":{"name":"(anonymous_10)","line":144,"loc":{"start":{"line":144,"column":73},"end":{"line":144,"column":92}},"skip":true},"11":{"name":"(anonymous_11)","line":272,"loc":{"start":{"line":272,"column":51},"end":{"line":272,"column":77}},"skip":true},"12":{"name":"(anonymous_12)","line":315,"loc":{"start":{"line":315,"column":32},"end":{"line":315,"column":61}},"skip":true}},"statementMap":{"1":{"start":{"line":26,"column":0},"end":{"line":326,"column":5}},"2":{"start":{"line":28,"column":4},"end":{"line":28,"column":14}},"3":{"start":{"line":33,"column":4},"end":{"line":60,"column":9}},"4":{"start":{"line":35,"column":8},"end":{"line":35,"column":19}},"5":{"start":{"line":37,"column":8},"end":{"line":49,"column":13}},"6":{"start":{"line":38,"column":12},"end":{"line":48,"column":13}},"7":{"start":{"line":39,"column":16},"end":{"line":42,"column":30}},"8":{"start":{"line":44,"column":16},"end":{"line":47,"column":27}},"9":{"start":{"line":51,"column":8},"end":{"line":53,"column":21}},"10":{"start":{"line":55,"column":8},"end":{"line":57,"column":45}},"11":{"start":{"line":59,"column":8},"end":{"line":59,"column":35}},"12":{"start":{"line":61,"column":4},"end":{"line":325,"column":5}},"13":{"start":{"line":69,"column":8},"end":{"line":121,"column":10},"skip":true},"14":{"start":{"line":70,"column":12},"end":{"line":88,"column":13},"skip":true},"15":{"start":{"line":76,"column":16},"end":{"line":87,"column":19},"skip":true},"16":{"start":{"line":79,"column":20},"end":{"line":86,"column":21},"skip":true},"17":{"start":{"line":82,"column":24},"end":{"line":82,"column":43},"skip":true},"18":{"start":{"line":83,"column":24},"end":{"line":83,"column":30},"skip":true},"19":{"start":{"line":85,"column":24},"end":{"line":85,"column":49},"skip":true},"20":{"start":{"line":89,"column":12},"end":{"line":107,"column":13},"skip":true},"21":{"start":{"line":92,"column":16},"end":{"line":102,"column":17},"skip":true},"22":{"start":{"line":93,"column":20},"end":{"line":93,"column":86},"skip":true},"23":{"start":{"line":94,"column":20},"end":{"line":95,"column":45},"skip":true},"24":{"start":{"line":96,"column":20},"end":{"line":96,"column":42},"skip":true},"25":{"start":{"line":97,"column":20},"end":{"line":97,"column":48},"skip":true},"26":{"start":{"line":100,"column":20},"end":{"line":100,"column":85},"skip":true},"27":{"start":{"line":101,"column":20},"end":{"line":101,"column":96},"skip":true},"28":{"start":{"line":103,"column":16},"end":{"line":103,"column":22},"skip":true},"29":{"start":{"line":106,"column":16},"end":{"line":106,"column":22},"skip":true},"30":{"start":{"line":108,"column":12},"end":{"line":120,"column":13},"skip":true},"31":{"start":{"line":114,"column":16},"end":{"line":119,"column":17},"skip":true},"32":{"start":{"line":116,"column":20},"end":{"line":116,"column":78},"skip":true},"33":{"start":{"line":118,"column":20},"end":{"line":118,"column":47},"skip":true},"34":{"start":{"line":123,"column":8},"end":{"line":141,"column":11},"skip":true},"35":{"start":{"line":124,"column":12},"end":{"line":124,"column":54},"skip":true},"36":{"start":{"line":125,"column":12},"end":{"line":140,"column":14},"skip":true},"37":{"start":{"line":126,"column":16},"end":{"line":126,"column":28},"skip":true},"38":{"start":{"line":127,"column":16},"end":{"line":127,"column":69},"skip":true},"39":{"start":{"line":128,"column":16},"end":{"line":128,"column":75},"skip":true},"40":{"start":{"line":129,"column":16},"end":{"line":131,"column":17},"skip":true},"41":{"start":{"line":130,"column":20},"end":{"line":130,"column":27},"skip":true},"42":{"start":{"line":133,"column":16},"end":{"line":137,"column":36},"skip":true},"43":{"start":{"line":134,"column":20},"end":{"line":136,"column":55},"skip":true},"44":{"start":{"line":139,"column":16},"end":{"line":139,"column":57},"skip":true},"45":{"start":{"line":143,"column":8},"end":{"line":147,"column":11},"skip":true},"46":{"start":{"line":144,"column":12},"end":{"line":146,"column":15},"skip":true},"47":{"start":{"line":145,"column":16},"end":{"line":145,"column":70},"skip":true},"48":{"start":{"line":149,"column":8},"end":{"line":149,"column":31},"skip":true},"49":{"start":{"line":150,"column":8},"end":{"line":150,"column":14},"skip":true},"50":{"start":{"line":158,"column":8},"end":{"line":158,"column":31},"skip":true},"51":{"start":{"line":160,"column":8},"end":{"line":160,"column":33},"skip":true},"52":{"start":{"line":161,"column":8},"end":{"line":161,"column":37},"skip":true},"53":{"start":{"line":162,"column":8},"end":{"line":162,"column":35},"skip":true},"54":{"start":{"line":164,"column":8},"end":{"line":164,"column":50},"skip":true},"55":{"start":{"line":166,"column":8},"end":{"line":256,"column":2},"skip":true},"56":{"start":{"line":258,"column":8},"end":{"line":286,"column":9},"skip":true},"57":{"start":{"line":259,"column":12},"end":{"line":269,"column":14},"skip":true},"58":{"start":{"line":271,"column":12},"end":{"line":285,"column":19},"skip":true},"59":{"start":{"line":274,"column":20},"end":{"line":274,"column":35},"skip":true},"60":{"start":{"line":275,"column":20},"end":{"line":284,"column":21},"skip":true},"61":{"start":{"line":277,"column":24},"end":{"line":277,"column":64},"skip":true},"62":{"start":{"line":279,"column":24},"end":{"line":279,"column":40},"skip":true},"63":{"start":{"line":281,"column":24},"end":{"line":281,"column":40},"skip":true},"64":{"start":{"line":283,"column":24},"end":{"line":283,"column":39},"skip":true},"65":{"start":{"line":288,"column":8},"end":{"line":290,"column":9},"skip":true},"66":{"start":{"line":289,"column":12},"end":{"line":289,"column":18},"skip":true},"67":{"start":{"line":291,"column":8},"end":{"line":293,"column":54},"skip":true},"68":{"start":{"line":296,"column":8},"end":{"line":301,"column":37},"skip":true},"69":{"start":{"line":303,"column":8},"end":{"line":303,"column":82},"skip":true},"70":{"start":{"line":306,"column":8},"end":{"line":308,"column":9},"skip":true},"71":{"start":{"line":307,"column":12},"end":{"line":307,"column":82},"skip":true},"72":{"start":{"line":310,"column":8},"end":{"line":312,"column":9},"skip":true},"73":{"start":{"line":311,"column":12},"end":{"line":311,"column":18},"skip":true},"74":{"start":{"line":313,"column":8},"end":{"line":313,"column":54},"skip":true},"75":{"start":{"line":314,"column":8},"end":{"line":314,"column":69},"skip":true},"76":{"start":{"line":315,"column":8},"end":{"line":323,"column":36},"skip":true},"77":{"start":{"line":316,"column":12},"end":{"line":316,"column":61},"skip":true},"78":{"start":{"line":317,"column":12},"end":{"line":320,"column":13},"skip":true},"79":{"start":{"line":318,"column":16},"end":{"line":318,"column":75},"skip":true},"80":{"start":{"line":319,"column":16},"end":{"line":319,"column":23},"skip":true},"81":{"start":{"line":321,"column":12},"end":{"line":321,"column":38},"skip":true},"82":{"start":{"line":322,"column":12},"end":{"line":322,"column":27},"skip":true},"83":{"start":{"line":324,"column":8},"end":{"line":324,"column":14},"skip":true}},"branchMap":{"1":{"line":39,"type":"binary-expr","locations":[{"start":{"line":39,"column":23},"end":{"line":39,"column":62}},{"start":{"line":40,"column":20},"end":{"line":40,"column":70}},{"start":{"line":41,"column":20},"end":{"line":41,"column":71}},{"start":{"line":42,"column":20},"end":{"line":42,"column":29}}]},"2":{"line":44,"type":"binary-expr","locations":[{"start":{"line":44,"column":23},"end":{"line":44,"column":37}},{"start":{"line":45,"column":20},"end":{"line":45,"column":61}},{"start":{"line":46,"column":20},"end":{"line":46,"column":70}},{"start":{"line":47,"column":20},"end":{"line":47,"column":26}}]},"3":{"line":51,"type":"cond-expr","locations":[{"start":{"line":52,"column":14},"end":{"line":52,"column":20}},{"start":{"line":53,"column":14},"end":{"line":53,"column":20}}]},"4":{"line":55,"type":"binary-expr","locations":[{"start":{"line":55,"column":16},"end":{"line":55,"column":44}},{"start":{"line":55,"column":49},"end":{"line":57,"column":43}}]},"5":{"line":55,"type":"cond-expr","locations":[{"start":{"line":56,"column":14},"end":{"line":56,"column":46}},{"start":{"line":57,"column":14},"end":{"line":57,"column":43}}]},"6":{"line":61,"type":"switch","locations":[{"start":{"line":68,"column":4},"end":{"line":150,"column":14},"skip":true},{"start":{"line":156,"column":4},"end":{"line":324,"column":14},"skip":true}]},"7":{"line":70,"type":"if","locations":[{"start":{"line":70,"column":12},"end":{"line":70,"column":12},"skip":true},{"start":{"line":70,"column":12},"end":{"line":70,"column":12},"skip":true}]},"8":{"line":70,"type":"binary-expr","locations":[{"start":{"line":70,"column":16},"end":{"line":70,"column":22},"skip":true},{"start":{"line":70,"column":27},"end":{"line":70,"column":32},"skip":true},{"start":{"line":71,"column":20},"end":{"line":71,"column":39},"skip":true},{"start":{"line":72,"column":20},"end":{"line":72,"column":49},"skip":true},{"start":{"line":73,"column":20},"end":{"line":73,"column":58},"skip":true},{"start":{"line":74,"column":20},"end":{"line":74,"column":69},"skip":true}]},"9":{"line":79,"type":"switch","locations":[{"start":{"line":80,"column":20},"end":{"line":80,"column":33},"skip":true},{"start":{"line":81,"column":20},"end":{"line":83,"column":30},"skip":true},{"start":{"line":84,"column":20},"end":{"line":85,"column":49},"skip":true}]},"10":{"line":89,"type":"switch","locations":[{"start":{"line":90,"column":12},"end":{"line":103,"column":22},"skip":true},{"start":{"line":105,"column":12},"end":{"line":106,"column":22},"skip":true}]},"11":{"line":89,"type":"binary-expr","locations":[{"start":{"line":89,"column":20},"end":{"line":89,"column":25},"skip":true},{"start":{"line":89,"column":29},"end":{"line":89,"column":48},"skip":true},{"start":{"line":89,"column":52},"end":{"line":89,"column":74},"skip":true}]},"12":{"line":92,"type":"if","locations":[{"start":{"line":92,"column":16},"end":{"line":92,"column":16},"skip":true},{"start":{"line":92,"column":16},"end":{"line":92,"column":16},"skip":true}]},"13":{"line":108,"type":"if","locations":[{"start":{"line":108,"column":12},"end":{"line":108,"column":12},"skip":true},{"start":{"line":108,"column":12},"end":{"line":108,"column":12},"skip":true}]},"14":{"line":108,"type":"binary-expr","locations":[{"start":{"line":108,"column":16},"end":{"line":108,"column":61},"skip":true},{"start":{"line":108,"column":66},"end":{"line":108,"column":72},"skip":true},{"start":{"line":108,"column":77},"end":{"line":108,"column":82},"skip":true},{"start":{"line":109,"column":20},"end":{"line":109,"column":39},"skip":true},{"start":{"line":110,"column":20},"end":{"line":110,"column":49},"skip":true},{"start":{"line":111,"column":20},"end":{"line":111,"column":58},"skip":true},{"start":{"line":112,"column":20},"end":{"line":112,"column":68},"skip":true}]},"15":{"line":129,"type":"if","locations":[{"start":{"line":129,"column":16},"end":{"line":129,"column":16},"skip":true},{"start":{"line":129,"column":16},"end":{"line":129,"column":16},"skip":true}]},"16":{"line":134,"type":"cond-expr","locations":[{"start":{"line":135,"column":26},"end":{"line":135,"column":29},"skip":true},{"start":{"line":136,"column":26},"end":{"line":136,"column":54},"skip":true}]},"17":{"line":164,"type":"binary-expr","locations":[{"start":{"line":164,"column":27},"end":{"line":164,"column":43},"skip":true},{"start":{"line":164,"column":47},"end":{"line":164,"column":49},"skip":true}]},"18":{"line":258,"type":"if","locations":[{"start":{"line":258,"column":8},"end":{"line":258,"column":8},"skip":true},{"start":{"line":258,"column":8},"end":{"line":258,"column":8},"skip":true}]},"19":{"line":275,"type":"switch","locations":[{"start":{"line":276,"column":20},"end":{"line":277,"column":64},"skip":true},{"start":{"line":278,"column":20},"end":{"line":279,"column":40},"skip":true},{"start":{"line":280,"column":20},"end":{"line":281,"column":40},"skip":true},{"start":{"line":282,"column":20},"end":{"line":283,"column":39},"skip":true}]},"20":{"line":288,"type":"if","locations":[{"start":{"line":288,"column":8},"end":{"line":288,"column":8},"skip":true},{"start":{"line":288,"column":8},"end":{"line":288,"column":8},"skip":true}]},"21":{"line":288,"type":"binary-expr","locations":[{"start":{"line":288,"column":12},"end":{"line":288,"column":40},"skip":true},{"start":{"line":288,"column":44},"end":{"line":288,"column":67},"skip":true}]},"22":{"line":292,"type":"binary-expr","locations":[{"start":{"line":292,"column":12},"end":{"line":292,"column":50},"skip":true},{"start":{"line":293,"column":12},"end":{"line":293,"column":53},"skip":true}]},"23":{"line":297,"type":"binary-expr","locations":[{"start":{"line":297,"column":12},"end":{"line":297,"column":60},"skip":true},{"start":{"line":298,"column":12},"end":{"line":301,"column":36},"skip":true}]},"24":{"line":303,"type":"binary-expr","locations":[{"start":{"line":303,"column":43},"end":{"line":303,"column":75},"skip":true},{"start":{"line":303,"column":79},"end":{"line":303,"column":81},"skip":true}]},"25":{"line":306,"type":"if","locations":[{"start":{"line":306,"column":8},"end":{"line":306,"column":8},"skip":true},{"start":{"line":306,"column":8},"end":{"line":306,"column":8},"skip":true}]},"26":{"line":310,"type":"if","locations":[{"start":{"line":310,"column":8},"end":{"line":310,"column":8},"skip":true},{"start":{"line":310,"column":8},"end":{"line":310,"column":8},"skip":true}]},"27":{"line":313,"type":"binary-expr","locations":[{"start":{"line":313,"column":27},"end":{"line":313,"column":43},"skip":true},{"start":{"line":313,"column":47},"end":{"line":313,"column":53},"skip":true}]},"28":{"line":317,"type":"if","locations":[{"start":{"line":317,"column":12},"end":{"line":317,"column":12},"skip":true},{"start":{"line":317,"column":12},"end":{"line":317,"column":12},"skip":true}]}},"code":["/*","example.js","","quickstart example","","instruction","    1. save this script as example.js","    2. run the shell command:","        $ npm install npmtest-qs && PORT=8081 node example.js","    3. play with the browser-demo on http://127.0.0.1:8081","*/","","","","/* istanbul instrument in package npmtest_qs */","/*jslint","    bitwise: true,","    browser: true,","    maxerr: 8,","    maxlen: 96,","    node: true,","    nomen: true,","    regexp: true,","    stupid: true","*/","(function () {","    'use strict';","    var local;","","","","    // run shared js-env code - pre-init","    (function () {","        // init local","        local = {};","        // init modeJs","        local.modeJs = (function () {","            try {","                return typeof navigator.userAgent === 'string' &&","                    typeof document.querySelector('body') === 'object' &&","                    typeof XMLHttpRequest.prototype.open === 'function' &&","                    'browser';","            } catch (errorCaughtBrowser) {","                return module.exports &&","                    typeof process.versions.node === 'string' &&","                    typeof require('http').createServer === 'function' &&","                    'node';","            }","        }());","        // init global","        local.global = local.modeJs === 'browser'","            ? window","            : global;","        // init utility2_rollup","        local = local.global.utility2_rollup || (local.modeJs === 'browser'","            ? local.global.utility2_npmtest_qs","            : global.utility2_moduleExports);","        // export local","        local.global.local = local;","    }());","    switch (local.modeJs) {","","","","    // post-init","    // run browser js-env code - post-init","    /* istanbul ignore next */","    case 'browser':","        local.testRunBrowser = function (event) {","            if (!event || (event &&","                    event.currentTarget &&","                    event.currentTarget.className &&","                    event.currentTarget.className.includes &&","                    event.currentTarget.className.includes('onreset'))) {","                // reset output","                Array.from(","                    document.querySelectorAll('body > .resettable')","                ).forEach(function (element) {","                    switch (element.tagName) {","                    case 'INPUT':","                    case 'TEXTAREA':","                        element.value = '';","                        break;","                    default:","                        element.textContent = '';","                    }","                });","            }","            switch (event && event.currentTarget && event.currentTarget.id) {","            case 'testRunButton1':","                // show tests","                if (document.querySelector('#testReportDiv1').style.display === 'none') {","                    document.querySelector('#testReportDiv1').style.display = 'block';","                    document.querySelector('#testRunButton1').textContent =","                        'hide internal test';","                    local.modeTest = true;","                    local.testRunDefault(local);","                // hide tests","                } else {","                    document.querySelector('#testReportDiv1').style.display = 'none';","                    document.querySelector('#testRunButton1').textContent = 'run internal test';","                }","                break;","            // custom-case","            default:","                break;","            }","            if (document.querySelector('#inputTextareaEval1') && (!event || (event &&","                    event.currentTarget &&","                    event.currentTarget.className &&","                    event.currentTarget.className.includes &&","                    event.currentTarget.className.includes('oneval')))) {","                // try to eval input-code","                try {","                    /*jslint evil: true*/","                    eval(document.querySelector('#inputTextareaEval1').value);","                } catch (errorCaught) {","                    console.error(errorCaught);","                }","            }","        };","        // log stderr and stdout to #outputTextareaStdout1","        ['error', 'log'].forEach(function (key) {","            console[key + '_original'] = console[key];","            console[key] = function () {","                var element;","                console[key + '_original'].apply(console, arguments);","                element = document.querySelector('#outputTextareaStdout1');","                if (!element) {","                    return;","                }","                // append text to #outputTextareaStdout1","                element.value += Array.from(arguments).map(function (arg) {","                    return typeof arg === 'string'","                        ? arg","                        : JSON.stringify(arg, null, 4);","                }).join(' ') + '\\n';","                // scroll textarea to bottom","                element.scrollTop = element.scrollHeight;","            };","        });","        // init event-handling","        ['change', 'click', 'keyup'].forEach(function (event) {","            Array.from(document.querySelectorAll('.on' + event)).forEach(function (element) {","                element.addEventListener(event, local.testRunBrowser);","            });","        });","        // run tests","        local.testRunBrowser();","        break;","","","","    // run node js-env code - post-init","    /* istanbul ignore next */","    case 'node':","        // export local","        module.exports = local;","        // require modules","        local.fs = require('fs');","        local.http = require('http');","        local.url = require('url');","        // init assets","        local.assetsDict = local.assetsDict || {};","        /* jslint-ignore-begin */","        local.assetsDict['/assets.index.template.html'] = '\\","<!doctype html>\\n\\","<html lang=\"en\">\\n\\","<head>\\n\\","<meta charset=\"UTF-8\">\\n\\","<meta name=\"viewport\" content=\"width=device-width, initial-scale=1\">\\n\\","<title>{{env.npm_package_name}} (v{{env.npm_package_version}})</title>\\n\\","<style>\\n\\","/*csslint\\n\\","    box-sizing: false,\\n\\","    universal-selector: false\\n\\","*/\\n\\","* {\\n\\","    box-sizing: border-box;\\n\\","}\\n\\","body {\\n\\","    background: #dde;\\n\\","    font-family: Arial, Helvetica, sans-serif;\\n\\","    margin: 2rem;\\n\\","}\\n\\","body > * {\\n\\","    margin-bottom: 1rem;\\n\\","}\\n\\",".utility2FooterDiv {\\n\\","    margin-top: 20px;\\n\\","    text-align: center;\\n\\","}\\n\\","</style>\\n\\","<style>\\n\\","/*csslint\\n\\","*/\\n\\","textarea {\\n\\","    font-family: monospace;\\n\\","    height: 10rem;\\n\\","    width: 100%;\\n\\","}\\n\\","textarea[readonly] {\\n\\","    background: #ddd;\\n\\","}\\n\\","</style>\\n\\","</head>\\n\\","<body>\\n\\","<!-- utility2-comment\\n\\","<div id=\"ajaxProgressDiv1\" style=\"background: #d00; height: 2px; left: 0; margin: 0; padding: 0; position: fixed; top: 0; transition: background 0.5s, width 1.5s; width: 25%;\"></div>\\n\\","utility2-comment -->\\n\\","<h1>\\n\\","<!-- utility2-comment\\n\\","    <a\\n\\","        {{#if env.npm_package_homepage}}\\n\\","        href=\"{{env.npm_package_homepage}}\"\\n\\","        {{/if env.npm_package_homepage}}\\n\\","        target=\"_blank\"\\n\\","    >\\n\\","utility2-comment -->\\n\\","        {{env.npm_package_name}} (v{{env.npm_package_version}})\\n\\","<!-- utility2-comment\\n\\","    </a>\\n\\","utility2-comment -->\\n\\","</h1>\\n\\","<h3>{{env.npm_package_description}}</h3>\\n\\","<!-- utility2-comment\\n\\","<h4><a download href=\"assets.app.js\">download standalone app</a></h4>\\n\\","<button class=\"onclick onreset\" id=\"testRunButton1\">run internal test</button><br>\\n\\","<div id=\"testReportDiv1\" style=\"display: none;\"></div>\\n\\","utility2-comment -->\\n\\","\\n\\","\\n\\","\\n\\","<label>stderr and stdout</label>\\n\\","<textarea class=\"resettable\" id=\"outputTextareaStdout1\" readonly></textarea>\\n\\","<!-- utility2-comment\\n\\","{{#if isRollup}}\\n\\","<script src=\"assets.app.js\"></script>\\n\\","{{#unless isRollup}}\\n\\","utility2-comment -->\\n\\","<script src=\"assets.utility2.rollup.js\"></script>\\n\\","<script src=\"jsonp.utility2._stateInit?callback=window.utility2._stateInit\"></script>\\n\\","<script src=\"assets.npmtest_qs.rollup.js\"></script>\\n\\","<script src=\"assets.example.js\"></script>\\n\\","<script src=\"assets.test.js\"></script>\\n\\","<!-- utility2-comment\\n\\","{{/if isRollup}}\\n\\","utility2-comment -->\\n\\","<div class=\"utility2FooterDiv\">\\n\\","    [ this app was created with\\n\\","    <a href=\"https://github.com/kaizhu256/node-utility2\" target=\"_blank\">utility2</a>\\n\\","    ]\\n\\","</div>\\n\\","</body>\\n\\","</html>\\n\\","';","        /* jslint-ignore-end */","        if (local.templateRender) {","            local.assetsDict['/'] = local.templateRender(","                local.assetsDict['/assets.index.template.html'],","                {","                    env: local.objectSetDefault(local.env, {","                        npm_package_description: 'the greatest app in the world!',","                        npm_package_name: 'my-app',","                        npm_package_nameAlias: 'my_app',","                        npm_package_version: '0.0.1'","                    })","                }","            );","        } else {","            local.assetsDict['/'] = local.assetsDict['/assets.index.template.html']","                .replace((/\\{\\{env\\.(\\w+?)\\}\\}/g), function (match0, match1) {","                    // jslint-hack","                    String(match0);","                    switch (match1) {","                    case 'npm_package_description':","                        return 'the greatest app in the world!';","                    case 'npm_package_name':","                        return 'my-app';","                    case 'npm_package_nameAlias':","                        return 'my_app';","                    case 'npm_package_version':","                        return '0.0.1';","                    }","                });","        }","        // run the cli","        if (local.global.utility2_rollup || module !== require.main) {","            break;","        }","        local.assetsDict['/assets.example.js'] =","            local.assetsDict['/assets.example.js'] ||","            local.fs.readFileSync(__filename, 'utf8');","        // bug-workaround - long $npm_package_buildCustomOrg","        /* jslint-ignore-begin */","        local.assetsDict['/assets.npmtest_qs.rollup.js'] =","            local.assetsDict['/assets.npmtest_qs.rollup.js'] ||","            local.fs.readFileSync(","                local.npmtest_qs.__dirname + '/lib.npmtest_qs.js',","                'utf8'","            ).replace((/^#!/), '//');","        /* jslint-ignore-end */","        local.assetsDict['/favicon.ico'] = local.assetsDict['/favicon.ico'] || '';","        // if $npm_config_timeout_exit exists,","        // then exit this process after $npm_config_timeout_exit ms","        if (Number(process.env.npm_config_timeout_exit)) {","            setTimeout(process.exit, Number(process.env.npm_config_timeout_exit));","        }","        // start server","        if (local.global.utility2_serverHttp1) {","            break;","        }","        process.env.PORT = process.env.PORT || '8081';","        console.error('server starting on port ' + process.env.PORT);","        local.http.createServer(function (request, response) {","            request.urlParsed = local.url.parse(request.url);","            if (local.assetsDict[request.urlParsed.pathname] !== undefined) {","                response.end(local.assetsDict[request.urlParsed.pathname]);","                return;","            }","            response.statusCode = 404;","            response.end();","        }).listen(process.env.PORT);","        break;","    }","}());",""],"l":{"26":2,"28":2,"33":2,"35":2,"37":2,"38":2,"39":2,"44":1,"51":2,"55":2,"59":2,"61":2,"69":1,"70":2,"76":2,"79":2,"82":2,"83":2,"85":1,"89":2,"92":1,"93":1,"94":1,"96":1,"97":1,"100":1,"101":1,"103":1,"106":1,"108":2,"114":1,"116":1,"118":1,"123":1,"124":2,"125":2,"126":3,"127":3,"128":3,"129":3,"130":1,"133":3,"134":3,"139":3,"143":1,"144":3,"145":1,"149":1,"150":1,"158":1,"160":1,"161":1,"162":1,"164":1,"166":1,"258":1,"259":1,"271":1,"274":6,"275":6,"277":1,"279":2,"281":1,"283":2,"288":1,"289":1,"291":1,"296":1,"303":1,"306":1,"307":1,"310":1,"311":1,"313":1,"314":1,"315":1,"316":1,"317":1,"318":1,"319":1,"321":1,"322":1,"324":1}},"/home/travis/build/npmtest/node-npmtest-qs/node_modules/qs/lib/index.js":{"path":"/home/travis/build/npmtest/node-npmtest-qs/node_modules/qs/lib/index.js","s":{"1":1,"2":1,"3":1,"4":1},"b":{},"f":{},"fnMap":{},"statementMap":{"1":{"start":{"line":3,"column":0},"end":{"line":3,"column":39}},"2":{"start":{"line":4,"column":0},"end":{"line":4,"column":31}},"3":{"start":{"line":5,"column":0},"end":{"line":5,"column":35}},"4":{"start":{"line":7,"column":0},"end":{"line":11,"column":2}}},"branchMap":{},"code":["'use strict';","","var stringify = require('./stringify');","var parse = require('./parse');","var formats = require('./formats');","","module.exports = {","    formats: formats,","    parse: parse,","    stringify: stringify","};",""],"l":{"3":1,"4":1,"5":1,"7":1}},"/home/travis/build/npmtest/node-npmtest-qs/node_modules/qs/lib/stringify.js":{"path":"/home/travis/build/npmtest/node-npmtest-qs/node_modules/qs/lib/stringify.js","s":{"1":1,"2":1,"3":1,"4":0,"5":0,"6":0,"7":1,"8":1,"9":0,"10":1,"11":0,"12":0,"13":0,"14":0,"15":0,"16":0,"17":0,"18":0,"19":0,"20":0,"21":0,"22":0,"23":0,"24":0,"25":0,"26":0,"27":0,"28":0,"29":0,"30":0,"31":0,"32":0,"33":0,"34":0,"35":0,"36":0,"37":0,"38":0,"39":0,"40":0,"41":1,"42":0,"43":0,"44":0,"45":0,"46":0,"47":0,"48":0,"49":0,"50":0,"51":0,"52":0,"53":0,"54":0,"55":0,"56":0,"57":0,"58":0,"59":0,"60":0,"61":0,"62":0,"63":0,"64":0,"65":0,"66":0,"67":0,"68":0,"69":0,"70":0,"71":0,"72":0,"73":0,"74":0,"75":0,"76":0,"77":0,"78":0,"79":0,"80":0,"81":0,"82":0,"83":0,"84":0,"85":0,"86":0,"87":0},"b":{"1":[0,0],"2":[0,0],"3":[0,0],"4":[0,0],"5":[0,0],"6":[0,0],"7":[0,0],"8":[0,0,0,0],"9":[0,0],"10":[0,0],"11":[0,0],"12":[0,0],"13":[0,0],"14":[0,0],"15":[0,0],"16":[0,0],"17":[0,0],"18":[0,0],"19":[0,0],"20":[0,0,0],"21":[0,0],"22":[0,0],"23":[0,0],"24":[0,0],"25":[0,0],"26":[0,0],"27":[0,0],"28":[0,0],"29":[0,0],"30":[0,0],"31":[0,0],"32":[0,0],"33":[0,0],"34":[0,0],"35":[0,0],"36":[0,0],"37":[0,0],"38":[0,0],"39":[0,0],"40":[0,0],"41":[0,0],"42":[0,0],"43":[0,0]},"f":{"1":0,"2":0,"3":0,"4":0,"5":0,"6":0},"fnMap":{"1":{"name":"brackets","line":7,"loc":{"start":{"line":7,"column":14},"end":{"line":7,"column":40}}},"2":{"name":"indices","line":10,"loc":{"start":{"line":10,"column":13},"end":{"line":10,"column":43}}},"3":{"name":"repeat","line":13,"loc":{"start":{"line":13,"column":12},"end":{"line":13,"column":36}}},"4":{"name":"serializeDate","line":25,"loc":{"start":{"line":25,"column":19},"end":{"line":25,"column":48}}},"5":{"name":"stringify","line":32,"loc":{"start":{"line":32,"column":16},"end":{"line":45,"column":2}}},"6":{"name":"(anonymous_6)","line":124,"loc":{"start":{"line":124,"column":17},"end":{"line":124,"column":41}}}},"statementMap":{"1":{"start":{"line":3,"column":0},"end":{"line":3,"column":31}},"2":{"start":{"line":4,"column":0},"end":{"line":4,"column":35}},"3":{"start":{"line":6,"column":0},"end":{"line":16,"column":2}},"4":{"start":{"line":8,"column":8},"end":{"line":8,"column":29}},"5":{"start":{"line":11,"column":8},"end":{"line":11,"column":40}},"6":{"start":{"line":14,"column":8},"end":{"line":14,"column":22}},"7":{"start":{"line":18,"column":0},"end":{"line":18,"column":39}},"8":{"start":{"line":20,"column":0},"end":{"line":30,"column":2}},"9":{"start":{"line":26,"column":8},"end":{"line":26,"column":32}},"10":{"start":{"line":32,"column":0},"end":{"line":122,"column":2}},"11":{"start":{"line":46,"column":4},"end":{"line":46,"column":21}},"12":{"start":{"line":47,"column":4},"end":{"line":57,"column":5}},"13":{"start":{"line":48,"column":8},"end":{"line":48,"column":34}},"14":{"start":{"line":49,"column":11},"end":{"line":57,"column":5}},"15":{"start":{"line":50,"column":8},"end":{"line":50,"column":33}},"16":{"start":{"line":51,"column":11},"end":{"line":57,"column":5}},"17":{"start":{"line":52,"column":8},"end":{"line":54,"column":9}},"18":{"start":{"line":53,"column":12},"end":{"line":53,"column":75}},"19":{"start":{"line":56,"column":8},"end":{"line":56,"column":17}},"20":{"start":{"line":59,"column":4},"end":{"line":65,"column":5}},"21":{"start":{"line":60,"column":8},"end":{"line":63,"column":9}},"22":{"start":{"line":61,"column":12},"end":{"line":61,"column":71}},"23":{"start":{"line":62,"column":12},"end":{"line":62,"column":73}},"24":{"start":{"line":64,"column":8},"end":{"line":64,"column":66}},"25":{"start":{"line":67,"column":4},"end":{"line":67,"column":20}},"26":{"start":{"line":69,"column":4},"end":{"line":71,"column":5}},"27":{"start":{"line":70,"column":8},"end":{"line":70,"column":22}},"28":{"start":{"line":73,"column":4},"end":{"line":73,"column":16}},"29":{"start":{"line":74,"column":4},"end":{"line":79,"column":5}},"30":{"start":{"line":75,"column":8},"end":{"line":75,"column":25}},"31":{"start":{"line":77,"column":8},"end":{"line":77,"column":36}},"32":{"start":{"line":78,"column":8},"end":{"line":78,"column":48}},"33":{"start":{"line":81,"column":4},"end":{"line":119,"column":5}},"34":{"start":{"line":82,"column":8},"end":{"line":82,"column":29}},"35":{"start":{"line":84,"column":8},"end":{"line":86,"column":9}},"36":{"start":{"line":85,"column":12},"end":{"line":85,"column":21}},"37":{"start":{"line":88,"column":8},"end":{"line":118,"column":9}},"38":{"start":{"line":89,"column":12},"end":{"line":102,"column":15}},"39":{"start":{"line":104,"column":12},"end":{"line":117,"column":15}},"40":{"start":{"line":121,"column":4},"end":{"line":121,"column":18}},"41":{"start":{"line":124,"column":0},"end":{"line":207,"column":2}},"42":{"start":{"line":125,"column":4},"end":{"line":125,"column":21}},"43":{"start":{"line":126,"column":4},"end":{"line":126,"column":29}},"44":{"start":{"line":128,"column":4},"end":{"line":130,"column":5}},"45":{"start":{"line":129,"column":8},"end":{"line":129,"column":61}},"46":{"start":{"line":132,"column":4},"end":{"line":132,"column":102}},"47":{"start":{"line":133,"column":4},"end":{"line":133,"column":136}},"48":{"start":{"line":134,"column":4},"end":{"line":134,"column":100}},"49":{"start":{"line":135,"column":4},"end":{"line":135,"column":88}},"50":{"start":{"line":136,"column":4},"end":{"line":136,"column":93}},"51":{"start":{"line":137,"column":4},"end":{"line":137,"column":72}},"52":{"start":{"line":138,"column":4},"end":{"line":138,"column":89}},"53":{"start":{"line":139,"column":4},"end":{"line":139,"column":117}},"54":{"start":{"line":140,"column":4},"end":{"line":140,"column":128}},"55":{"start":{"line":141,"column":4},"end":{"line":145,"column":5}},"56":{"start":{"line":142,"column":8},"end":{"line":142,"column":41}},"57":{"start":{"line":143,"column":11},"end":{"line":145,"column":5}},"58":{"start":{"line":144,"column":8},"end":{"line":144,"column":63}},"59":{"start":{"line":146,"column":4},"end":{"line":146,"column":55}},"60":{"start":{"line":147,"column":4},"end":{"line":147,"column":16}},"61":{"start":{"line":148,"column":4},"end":{"line":148,"column":15}},"62":{"start":{"line":150,"column":4},"end":{"line":156,"column":5}},"63":{"start":{"line":151,"column":8},"end":{"line":151,"column":32}},"64":{"start":{"line":152,"column":8},"end":{"line":152,"column":30}},"65":{"start":{"line":153,"column":11},"end":{"line":156,"column":5}},"66":{"start":{"line":154,"column":8},"end":{"line":154,"column":32}},"67":{"start":{"line":155,"column":8},"end":{"line":155,"column":25}},"68":{"start":{"line":158,"column":4},"end":{"line":158,"column":18}},"69":{"start":{"line":160,"column":4},"end":{"line":162,"column":5}},"70":{"start":{"line":161,"column":8},"end":{"line":161,"column":18}},"71":{"start":{"line":164,"column":4},"end":{"line":164,"column":20}},"72":{"start":{"line":165,"column":4},"end":{"line":171,"column":5}},"73":{"start":{"line":166,"column":8},"end":{"line":166,"column":42}},"74":{"start":{"line":167,"column":11},"end":{"line":171,"column":5}},"75":{"start":{"line":168,"column":8},"end":{"line":168,"column":61}},"76":{"start":{"line":170,"column":8},"end":{"line":170,"column":32}},"77":{"start":{"line":173,"column":4},"end":{"line":173,"column":65}},"78":{"start":{"line":175,"column":4},"end":{"line":177,"column":5}},"79":{"start":{"line":176,"column":8},"end":{"line":176,"column":35}},"80":{"start":{"line":179,"column":4},"end":{"line":181,"column":5}},"81":{"start":{"line":180,"column":8},"end":{"line":180,"column":27}},"82":{"start":{"line":183,"column":4},"end":{"line":204,"column":5}},"83":{"start":{"line":184,"column":8},"end":{"line":184,"column":29}},"84":{"start":{"line":186,"column":8},"end":{"line":188,"column":9}},"85":{"start":{"line":187,"column":12},"end":{"line":187,"column":21}},"86":{"start":{"line":190,"column":8},"end":{"line":203,"column":11}},"87":{"start":{"line":206,"column":4},"end":{"line":206,"column":32}}},"branchMap":{"1":{"line":47,"type":"if","locations":[{"start":{"line":47,"column":4},"end":{"line":47,"column":4}},{"start":{"line":47,"column":4},"end":{"line":47,"column":4}}]},"2":{"line":49,"type":"if","locations":[{"start":{"line":49,"column":11},"end":{"line":49,"column":11}},{"start":{"line":49,"column":11},"end":{"line":49,"column":11}}]},"3":{"line":51,"type":"if","locations":[{"start":{"line":51,"column":11},"end":{"line":51,"column":11}},{"start":{"line":51,"column":11},"end":{"line":51,"column":11}}]},"4":{"line":52,"type":"if","locations":[{"start":{"line":52,"column":8},"end":{"line":52,"column":8}},{"start":{"line":52,"column":8},"end":{"line":52,"column":8}}]},"5":{"line":53,"type":"cond-expr","locations":[{"start":{"line":53,"column":50},"end":{"line":53,"column":65}},{"start":{"line":53,"column":68},"end":{"line":53,"column":74}}]},"6":{"line":53,"type":"binary-expr","locations":[{"start":{"line":53,"column":19},"end":{"line":53,"column":26}},{"start":{"line":53,"column":30},"end":{"line":53,"column":47}}]},"7":{"line":59,"type":"if","locations":[{"start":{"line":59,"column":4},"end":{"line":59,"column":4}},{"start":{"line":59,"column":4},"end":{"line":59,"column":4}}]},"8":{"line":59,"type":"binary-expr","locations":[{"start":{"line":59,"column":8},"end":{"line":59,"column":31}},{"start":{"line":59,"column":35},"end":{"line":59,"column":58}},{"start":{"line":59,"column":62},"end":{"line":59,"column":86}},{"start":{"line":59,"column":90},"end":{"line":59,"column":109}}]},"9":{"line":60,"type":"if","locations":[{"start":{"line":60,"column":8},"end":{"line":60,"column":8}},{"start":{"line":60,"column":8},"end":{"line":60,"column":8}}]},"10":{"line":61,"type":"cond-expr","locations":[{"start":{"line":61,"column":46},"end":{"line":61,"column":52}},{"start":{"line":61,"column":55},"end":{"line":61,"column":70}}]},"11":{"line":69,"type":"if","locations":[{"start":{"line":69,"column":4},"end":{"line":69,"column":4}},{"start":{"line":69,"column":4},"end":{"line":69,"column":4}}]},"12":{"line":74,"type":"if","locations":[{"start":{"line":74,"column":4},"end":{"line":74,"column":4}},{"start":{"line":74,"column":4},"end":{"line":74,"column":4}}]},"13":{"line":78,"type":"cond-expr","locations":[{"start":{"line":78,"column":25},"end":{"line":78,"column":40}},{"start":{"line":78,"column":43},"end":{"line":78,"column":47}}]},"14":{"line":84,"type":"if","locations":[{"start":{"line":84,"column":8},"end":{"line":84,"column":8}},{"start":{"line":84,"column":8},"end":{"line":84,"column":8}}]},"15":{"line":84,"type":"binary-expr","locations":[{"start":{"line":84,"column":12},"end":{"line":84,"column":21}},{"start":{"line":84,"column":25},"end":{"line":84,"column":42}}]},"16":{"line":88,"type":"if","locations":[{"start":{"line":88,"column":8},"end":{"line":88,"column":8}},{"start":{"line":88,"column":8},"end":{"line":88,"column":8}}]},"17":{"line":106,"type":"cond-expr","locations":[{"start":{"line":106,"column":38},"end":{"line":106,"column":47}},{"start":{"line":106,"column":50},"end":{"line":106,"column":65}}]},"18":{"line":126,"type":"binary-expr","locations":[{"start":{"line":126,"column":18},"end":{"line":126,"column":22}},{"start":{"line":126,"column":26},"end":{"line":126,"column":28}}]},"19":{"line":128,"type":"if","locations":[{"start":{"line":128,"column":4},"end":{"line":128,"column":4}},{"start":{"line":128,"column":4},"end":{"line":128,"column":4}}]},"20":{"line":128,"type":"binary-expr","locations":[{"start":{"line":128,"column":8},"end":{"line":128,"column":32}},{"start":{"line":128,"column":36},"end":{"line":128,"column":65}},{"start":{"line":128,"column":69},"end":{"line":128,"column":106}}]},"21":{"line":132,"type":"cond-expr","locations":[{"start":{"line":132,"column":63},"end":{"line":132,"column":81}},{"start":{"line":132,"column":84},"end":{"line":132,"column":101}}]},"22":{"line":133,"type":"cond-expr","locations":[{"start":{"line":133,"column":79},"end":{"line":133,"column":105}},{"start":{"line":133,"column":108},"end":{"line":133,"column":135}}]},"23":{"line":134,"type":"cond-expr","locations":[{"start":{"line":134,"column":61},"end":{"line":134,"column":78}},{"start":{"line":134,"column":81},"end":{"line":134,"column":99}}]},"24":{"line":135,"type":"cond-expr","locations":[{"start":{"line":135,"column":55},"end":{"line":135,"column":69}},{"start":{"line":135,"column":72},"end":{"line":135,"column":87}}]},"25":{"line":136,"type":"cond-expr","locations":[{"start":{"line":136,"column":58},"end":{"line":136,"column":73}},{"start":{"line":136,"column":76},"end":{"line":136,"column":92}}]},"26":{"line":137,"type":"cond-expr","locations":[{"start":{"line":137,"column":52},"end":{"line":137,"column":64}},{"start":{"line":137,"column":67},"end":{"line":137,"column":71}}]},"27":{"line":138,"type":"cond-expr","locations":[{"start":{"line":138,"column":63},"end":{"line":138,"column":68}},{"start":{"line":138,"column":71},"end":{"line":138,"column":88}}]},"28":{"line":139,"type":"cond-expr","locations":[{"start":{"line":139,"column":70},"end":{"line":139,"column":91}},{"start":{"line":139,"column":94},"end":{"line":139,"column":116}}]},"29":{"line":140,"type":"cond-expr","locations":[{"start":{"line":140,"column":75},"end":{"line":140,"column":99}},{"start":{"line":140,"column":102},"end":{"line":140,"column":127}}]},"30":{"line":141,"type":"if","locations":[{"start":{"line":141,"column":4},"end":{"line":141,"column":4}},{"start":{"line":141,"column":4},"end":{"line":141,"column":4}}]},"31":{"line":143,"type":"if","locations":[{"start":{"line":143,"column":11},"end":{"line":143,"column":11}},{"start":{"line":143,"column":11},"end":{"line":143,"column":11}}]},"32":{"line":150,"type":"if","locations":[{"start":{"line":150,"column":4},"end":{"line":150,"column":4}},{"start":{"line":150,"column":4},"end":{"line":150,"column":4}}]},"33":{"line":153,"type":"if","locations":[{"start":{"line":153,"column":11},"end":{"line":153,"column":11}},{"start":{"line":153,"column":11},"end":{"line":153,"column":11}}]},"34":{"line":160,"type":"if","locations":[{"start":{"line":160,"column":4},"end":{"line":160,"column":4}},{"start":{"line":160,"column":4},"end":{"line":160,"column":4}}]},"35":{"line":160,"type":"binary-expr","locations":[{"start":{"line":160,"column":8},"end":{"line":160,"column":31}},{"start":{"line":160,"column":35},"end":{"line":160,"column":47}}]},"36":{"line":165,"type":"if","locations":[{"start":{"line":165,"column":4},"end":{"line":165,"column":4}},{"start":{"line":165,"column":4},"end":{"line":165,"column":4}}]},"37":{"line":167,"type":"if","locations":[{"start":{"line":167,"column":11},"end":{"line":167,"column":11}},{"start":{"line":167,"column":11},"end":{"line":167,"column":11}}]},"38":{"line":168,"type":"cond-expr","locations":[{"start":{"line":168,"column":40},"end":{"line":168,"column":49}},{"start":{"line":168,"column":52},"end":{"line":168,"column":60}}]},"39":{"line":175,"type":"if","locations":[{"start":{"line":175,"column":4},"end":{"line":175,"column":4}},{"start":{"line":175,"column":4},"end":{"line":175,"column":4}}]},"40":{"line":179,"type":"if","locations":[{"start":{"line":179,"column":4},"end":{"line":179,"column":4}},{"start":{"line":179,"column":4},"end":{"line":179,"column":4}}]},"41":{"line":186,"type":"if","locations":[{"start":{"line":186,"column":8},"end":{"line":186,"column":8}},{"start":{"line":186,"column":8},"end":{"line":186,"column":8}}]},"42":{"line":186,"type":"binary-expr","locations":[{"start":{"line":186,"column":12},"end":{"line":186,"column":21}},{"start":{"line":186,"column":25},"end":{"line":186,"column":42}}]},"43":{"line":196,"type":"cond-expr","locations":[{"start":{"line":196,"column":21},"end":{"line":196,"column":28}},{"start":{"line":196,"column":31},"end":{"line":196,"column":35}}]}},"code":["'use strict';","","var utils = require('./utils');","var formats = require('./formats');","","var arrayPrefixGenerators = {","    brackets: function brackets(prefix) { // eslint-disable-line func-name-matching","        return prefix + '[]';","    },","    indices: function indices(prefix, key) { // eslint-disable-line func-name-matching","        return prefix + '[' + key + ']';","    },","    repeat: function repeat(prefix) { // eslint-disable-line func-name-matching","        return prefix;","    }","};","","var toISO = Date.prototype.toISOString;","","var defaults = {","    delimiter: '&',","    encode: true,","    encoder: utils.encode,","    encodeValuesOnly: false,","    serializeDate: function serializeDate(date) { // eslint-disable-line func-name-matching","        return toISO.call(date);","    },","    skipNulls: false,","    strictNullHandling: false","};","","var stringify = function stringify( // eslint-disable-line func-name-matching","    object,","    prefix,","    generateArrayPrefix,","    strictNullHandling,","    skipNulls,","    encoder,","    filter,","    sort,","    allowDots,","    serializeDate,","    formatter,","    encodeValuesOnly",") {","    var obj = object;","    if (typeof filter === 'function') {","        obj = filter(prefix, obj);","    } else if (obj instanceof Date) {","        obj = serializeDate(obj);","    } else if (obj === null) {","        if (strictNullHandling) {","            return encoder && !encodeValuesOnly ? encoder(prefix) : prefix;","        }","","        obj = '';","    }","","    if (typeof obj === 'string' || typeof obj === 'number' || typeof obj === 'boolean' || utils.isBuffer(obj)) {","        if (encoder) {","            var keyValue = encodeValuesOnly ? prefix : encoder(prefix);","            return [formatter(keyValue) + '=' + formatter(encoder(obj))];","        }","        return [formatter(prefix) + '=' + formatter(String(obj))];","    }","","    var values = [];","","    if (typeof obj === 'undefined') {","        return values;","    }","","    var objKeys;","    if (Array.isArray(filter)) {","        objKeys = filter;","    } else {","        var keys = Object.keys(obj);","        objKeys = sort ? keys.sort(sort) : keys;","    }","","    for (var i = 0; i < objKeys.length; ++i) {","        var key = objKeys[i];","","        if (skipNulls && obj[key] === null) {","            continue;","        }","","        if (Array.isArray(obj)) {","            values = values.concat(stringify(","                obj[key],","                generateArrayPrefix(prefix, key),","                generateArrayPrefix,","                strictNullHandling,","                skipNulls,","                encoder,","                filter,","                sort,","                allowDots,","                serializeDate,","                formatter,","                encodeValuesOnly","            ));","        } else {","            values = values.concat(stringify(","                obj[key],","                prefix + (allowDots ? '.' + key : '[' + key + ']'),","                generateArrayPrefix,","                strictNullHandling,","                skipNulls,","                encoder,","                filter,","                sort,","                allowDots,","                serializeDate,","                formatter,","                encodeValuesOnly","            ));","        }","    }","","    return values;","};","","module.exports = function (object, opts) {","    var obj = object;","    var options = opts || {};","","    if (options.encoder !== null && options.encoder !== undefined && typeof options.encoder !== 'function') {","        throw new TypeError('Encoder has to be a function.');","    }","","    var delimiter = typeof options.delimiter === 'undefined' ? defaults.delimiter : options.delimiter;","    var strictNullHandling = typeof options.strictNullHandling === 'boolean' ? options.strictNullHandling : defaults.strictNullHandling;","    var skipNulls = typeof options.skipNulls === 'boolean' ? options.skipNulls : defaults.skipNulls;","    var encode = typeof options.encode === 'boolean' ? options.encode : defaults.encode;","    var encoder = typeof options.encoder === 'function' ? options.encoder : defaults.encoder;","    var sort = typeof options.sort === 'function' ? options.sort : null;","    var allowDots = typeof options.allowDots === 'undefined' ? false : options.allowDots;","    var serializeDate = typeof options.serializeDate === 'function' ? options.serializeDate : defaults.serializeDate;","    var encodeValuesOnly = typeof options.encodeValuesOnly === 'boolean' ? options.encodeValuesOnly : defaults.encodeValuesOnly;","    if (typeof options.format === 'undefined') {","        options.format = formats.default;","    } else if (!Object.prototype.hasOwnProperty.call(formats.formatters, options.format)) {","        throw new TypeError('Unknown format option provided.');","    }","    var formatter = formats.formatters[options.format];","    var objKeys;","    var filter;","","    if (typeof options.filter === 'function') {","        filter = options.filter;","        obj = filter('', obj);","    } else if (Array.isArray(options.filter)) {","        filter = options.filter;","        objKeys = filter;","    }","","    var keys = [];","","    if (typeof obj !== 'object' || obj === null) {","        return '';","    }","","    var arrayFormat;","    if (options.arrayFormat in arrayPrefixGenerators) {","        arrayFormat = options.arrayFormat;","    } else if ('indices' in options) {","        arrayFormat = options.indices ? 'indices' : 'repeat';","    } else {","        arrayFormat = 'indices';","    }","","    var generateArrayPrefix = arrayPrefixGenerators[arrayFormat];","","    if (!objKeys) {","        objKeys = Object.keys(obj);","    }","","    if (sort) {","        objKeys.sort(sort);","    }","","    for (var i = 0; i < objKeys.length; ++i) {","        var key = objKeys[i];","","        if (skipNulls && obj[key] === null) {","            continue;","        }","","        keys = keys.concat(stringify(","            obj[key],","            key,","            generateArrayPrefix,","            strictNullHandling,","            skipNulls,","            encode ? encoder : null,","            filter,","            sort,","            allowDots,","            serializeDate,","            formatter,","            encodeValuesOnly","        ));","    }","","    return keys.join(delimiter);","};",""],"l":{"3":1,"4":1,"6":1,"8":0,"11":0,"14":0,"18":1,"20":1,"26":0,"32":1,"46":0,"47":0,"48":0,"49":0,"50":0,"51":0,"52":0,"53":0,"56":0,"59":0,"60":0,"61":0,"62":0,"64":0,"67":0,"69":0,"70":0,"73":0,"74":0,"75":0,"77":0,"78":0,"81":0,"82":0,"84":0,"85":0,"88":0,"89":0,"104":0,"121":0,"124":1,"125":0,"126":0,"128":0,"129":0,"132":0,"133":0,"134":0,"135":0,"136":0,"137":0,"138":0,"139":0,"140":0,"141":0,"142":0,"143":0,"144":0,"146":0,"147":0,"148":0,"150":0,"151":0,"152":0,"153":0,"154":0,"155":0,"158":0,"160":0,"161":0,"164":0,"165":0,"166":0,"167":0,"168":0,"170":0,"173":0,"175":0,"176":0,"179":0,"180":0,"183":0,"184":0,"186":0,"187":0,"190":0,"206":0}},"/home/travis/build/npmtest/node-npmtest-qs/node_modules/qs/lib/utils.js":{"path":"/home/travis/build/npmtest/node-npmtest-qs/node_modules/qs/lib/utils.js","s":{"1":1,"2":1,"3":1,"4":1,"5":256,"6":1,"7":1,"8":0,"9":0,"10":0,"11":0,"12":0,"13":1,"14":0,"15":0,"16":0,"17":0,"18":0,"19":0,"20":0,"21":0,"22":0,"23":0,"24":0,"25":0,"26":0,"27":0,"28":0,"29":0,"30":0,"31":0,"32":0,"33":0,"34":0,"35":0,"36":0,"37":0,"38":0,"39":0,"40":0,"41":0,"42":0,"43":1,"44":0,"45":0,"46":0,"47":1,"48":0,"49":0,"50":0,"51":0,"52":0,"53":0,"54":0,"55":0,"56":0,"57":0,"58":0,"59":0,"60":0,"61":0,"62":0,"63":0,"64":0,"65":0,"66":0,"67":0,"68":0,"69":0,"70":1,"71":0,"72":0,"73":0,"74":0,"75":0,"76":0,"77":0,"78":0,"79":0,"80":0,"81":0,"82":0,"83":0,"84":0,"85":0,"86":0,"87":0,"88":0,"89":0,"90":1,"91":0,"92":1,"93":0,"94":0,"95":0},"b":{"1":[16,240],"2":[0,0],"3":[0,0],"4":[0,0],"5":[0,0],"6":[0,0],"7":[0,0],"8":[0,0],"9":[0,0],"10":[0,0,0],"11":[0,0],"12":[0,0],"13":[0,0],"14":[0,0],"15":[0,0],"16":[0,0],"17":[0,0],"18":[0,0],"19":[0,0],"20":[0,0],"21":[0,0],"22":[0,0],"23":[0,0,0,0,0,0,0,0,0,0],"24":[0,0],"25":[0,0],"26":[0,0],"27":[0,0],"28":[0,0],"29":[0,0],"30":[0,0],"31":[0,0],"32":[0,0],"33":[0,0],"34":[0,0],"35":[0,0],"36":[0,0],"37":[0,0],"38":[0,0,0]},"f":{"1":1,"2":0,"3":0,"4":0,"5":0,"6":0,"7":0,"8":0,"9":0,"10":0,"11":0},"fnMap":{"1":{"name":"(anonymous_1)","line":5,"loc":{"start":{"line":5,"column":16},"end":{"line":5,"column":28}}},"2":{"name":"(anonymous_2)","line":14,"loc":{"start":{"line":14,"column":24},"end":{"line":14,"column":51}}},"3":{"name":"(anonymous_3)","line":25,"loc":{"start":{"line":25,"column":16},"end":{"line":25,"column":51}}},"4":{"name":"(anonymous_4)","line":54,"loc":{"start":{"line":54,"column":23},"end":{"line":54,"column":42}}},"5":{"name":"(anonymous_5)","line":68,"loc":{"start":{"line":68,"column":38},"end":{"line":68,"column":58}}},"6":{"name":"(anonymous_6)","line":80,"loc":{"start":{"line":80,"column":17},"end":{"line":80,"column":32}}},"7":{"name":"(anonymous_7)","line":88,"loc":{"start":{"line":88,"column":17},"end":{"line":88,"column":32}}},"8":{"name":"(anonymous_8)","line":137,"loc":{"start":{"line":137,"column":18},"end":{"line":137,"column":45}}},"9":{"name":"(anonymous_9)","line":165,"loc":{"start":{"line":165,"column":17},"end":{"line":165,"column":32}}},"10":{"name":"(anonymous_10)","line":172,"loc":{"start":{"line":172,"column":19},"end":{"line":172,"column":34}}},"11":{"name":"(anonymous_11)","line":176,"loc":{"start":{"line":176,"column":19},"end":{"line":176,"column":34}}}},"statementMap":{"1":{"start":{"line":3,"column":0},"end":{"line":3,"column":42}},"2":{"start":{"line":5,"column":0},"end":{"line":12,"column":5}},"3":{"start":{"line":6,"column":4},"end":{"line":6,"column":19}},"4":{"start":{"line":7,"column":4},"end":{"line":9,"column":5}},"5":{"start":{"line":8,"column":8},"end":{"line":8,"column":79}},"6":{"start":{"line":11,"column":4},"end":{"line":11,"column":17}},"7":{"start":{"line":14,"column":0},"end":{"line":23,"column":2}},"8":{"start":{"line":15,"column":4},"end":{"line":15,"column":73}},"9":{"start":{"line":16,"column":4},"end":{"line":20,"column":5}},"10":{"start":{"line":17,"column":8},"end":{"line":19,"column":9}},"11":{"start":{"line":18,"column":12},"end":{"line":18,"column":31}},"12":{"start":{"line":22,"column":4},"end":{"line":22,"column":15}},"13":{"start":{"line":25,"column":0},"end":{"line":78,"column":2}},"14":{"start":{"line":26,"column":4},"end":{"line":28,"column":5}},"15":{"start":{"line":27,"column":8},"end":{"line":27,"column":22}},"16":{"start":{"line":30,"column":4},"end":{"line":42,"column":5}},"17":{"start":{"line":31,"column":8},"end":{"line":39,"column":9}},"18":{"start":{"line":32,"column":12},"end":{"line":32,"column":32}},"19":{"start":{"line":33,"column":15},"end":{"line":39,"column":9}},"20":{"start":{"line":34,"column":12},"end":{"line":36,"column":13}},"21":{"start":{"line":35,"column":16},"end":{"line":35,"column":38}},"22":{"start":{"line":38,"column":12},"end":{"line":38,"column":36}},"23":{"start":{"line":41,"column":8},"end":{"line":41,"column":22}},"24":{"start":{"line":44,"column":4},"end":{"line":46,"column":5}},"25":{"start":{"line":45,"column":8},"end":{"line":45,"column":39}},"26":{"start":{"line":48,"column":4},"end":{"line":48,"column":29}},"27":{"start":{"line":49,"column":4},"end":{"line":51,"column":5}},"28":{"start":{"line":50,"column":8},"end":{"line":50,"column":61}},"29":{"start":{"line":53,"column":4},"end":{"line":66,"column":5}},"30":{"start":{"line":54,"column":8},"end":{"line":64,"column":11}},"31":{"start":{"line":55,"column":12},"end":{"line":63,"column":13}},"32":{"start":{"line":56,"column":16},"end":{"line":60,"column":17}},"33":{"start":{"line":57,"column":20},"end":{"line":57,"column":72}},"34":{"start":{"line":59,"column":20},"end":{"line":59,"column":38}},"35":{"start":{"line":62,"column":16},"end":{"line":62,"column":33}},"36":{"start":{"line":65,"column":8},"end":{"line":65,"column":22}},"37":{"start":{"line":68,"column":4},"end":{"line":77,"column":20}},"38":{"start":{"line":69,"column":8},"end":{"line":69,"column":32}},"39":{"start":{"line":71,"column":8},"end":{"line":75,"column":9}},"40":{"start":{"line":72,"column":12},"end":{"line":72,"column":63}},"41":{"start":{"line":74,"column":12},"end":{"line":74,"column":29}},"42":{"start":{"line":76,"column":8},"end":{"line":76,"column":19}},"43":{"start":{"line":80,"column":0},"end":{"line":86,"column":2}},"44":{"start":{"line":81,"column":4},"end":{"line":85,"column":5}},"45":{"start":{"line":82,"column":8},"end":{"line":82,"column":59}},"46":{"start":{"line":84,"column":8},"end":{"line":84,"column":19}},"47":{"start":{"line":88,"column":0},"end":{"line":135,"column":2}},"48":{"start":{"line":91,"column":4},"end":{"line":93,"column":5}},"49":{"start":{"line":92,"column":8},"end":{"line":92,"column":19}},"50":{"start":{"line":95,"column":4},"end":{"line":95,"column":61}},"51":{"start":{"line":97,"column":4},"end":{"line":97,"column":17}},"52":{"start":{"line":98,"column":4},"end":{"line":132,"column":5}},"53":{"start":{"line":99,"column":8},"end":{"line":99,"column":37}},"54":{"start":{"line":101,"column":8},"end":{"line":112,"column":9}},"55":{"start":{"line":110,"column":12},"end":{"line":110,"column":36}},"56":{"start":{"line":111,"column":12},"end":{"line":111,"column":21}},"57":{"start":{"line":114,"column":8},"end"
[...]
"2":{"start":{"line":5,"column":0},"end":{"line":5,"column":42}},"3":{"start":{"line":7,"column":0},"end":{"line":17,"column":2}},"4":{"start":{"line":19,"column":0},"end":{"line":43,"column":2}},"5":{"start":{"line":20,"column":4},"end":{"line":20,"column":17}},"6":{"start":{"line":21,"column":4},"end":{"line":21,"column":119}},"7":{"start":{"line":23,"column":4},"end":{"line":40,"column":5}},"8":{"start":{"line":24,"column":8},"end":{"line":24,"column":28}},"9":{"start":{"line":25,"column":8},"end":{"line":25,"column":89}},"10":{"start":{"line":27,"column":8},"end":{"line":27,"column":21}},"11":{"start":{"line":28,"column":8},"end":{"line":34,"column":9}},"12":{"start":{"line":29,"column":12},"end":{"line":29,"column":40}},"13":{"start":{"line":30,"column":12},"end":{"line":30,"column":57}},"14":{"start":{"line":32,"column":12},"end":{"line":32,"column":54}},"15":{"start":{"line":33,"column":12},"end":{"line":33,"column":55}},"16":{"start":{"line":35,"column":8},"end":{"line":39,"column":9}},"17":{"start":{"line":36,"column":12},"end":{"line":36,"column":55}},"18":{"start":{"line":38,"column":12},"end":{"line":38,"column":27}},"19":{"start":{"line":42,"column":4},"end":{"line":42,"column":15}},"20":{"start":{"line":45,"column":0},"end":{"line":75,"column":2}},"21":{"start":{"line":46,"column":4},"end":{"line":48,"column":5}},"22":{"start":{"line":47,"column":8},"end":{"line":47,"column":19}},"23":{"start":{"line":50,"column":4},"end":{"line":50,"column":29}},"24":{"start":{"line":52,"column":4},"end":{"line":52,"column":12}},"25":{"start":{"line":53,"column":4},"end":{"line":72,"column":5}},"26":{"start":{"line":54,"column":8},"end":{"line":54,"column":17}},"27":{"start":{"line":55,"column":8},"end":{"line":55,"column":59}},"28":{"start":{"line":57,"column":8},"end":{"line":57,"column":62}},"29":{"start":{"line":58,"column":8},"end":{"line":58,"column":114}},"30":{"start":{"line":59,"column":8},"end":{"line":59,"column":44}},"31":{"start":{"line":60,"column":8},"end":{"line":71,"column":9}},"32":{"start":{"line":67,"column":12},"end":{"line":67,"column":21}},"33":{"start":{"line":68,"column":12},"end":{"line":68,"column":58}},"34":{"start":{"line":70,"column":12},"end":{"line":70,"column":62}},"35":{"start":{"line":74,"column":4},"end":{"line":74,"column":15}},"36":{"start":{"line":77,"column":0},"end":{"line":130,"column":2}},"37":{"start":{"line":78,"column":4},"end":{"line":80,"column":5}},"38":{"start":{"line":79,"column":8},"end":{"line":79,"column":15}},"39":{"start":{"line":83,"column":4},"end":{"line":83,"column":85}},"40":{"start":{"line":87,"column":4},"end":{"line":87,"column":34}},"41":{"start":{"line":88,"column":4},"end":{"line":88,"column":32}},"42":{"start":{"line":92,"column":4},"end":{"line":92,"column":37}},"43":{"start":{"line":93,"column":4},"end":{"line":93,"column":61}},"44":{"start":{"line":97,"column":4},"end":{"line":97,"column":18}},"45":{"start":{"line":98,"column":4},"end":{"line":108,"column":5}},"46":{"start":{"line":101,"column":8},"end":{"line":105,"column":9}},"47":{"start":{"line":102,"column":12},"end":{"line":104,"column":13}},"48":{"start":{"line":103,"column":16},"end":{"line":103,"column":23}},"49":{"start":{"line":107,"column":8},"end":{"line":107,"column":26}},"50":{"start":{"line":112,"column":4},"end":{"line":112,"column":14}},"51":{"start":{"line":113,"column":4},"end":{"line":121,"column":5}},"52":{"start":{"line":114,"column":8},"end":{"line":114,"column":15}},"53":{"start":{"line":115,"column":8},"end":{"line":119,"column":9}},"54":{"start":{"line":116,"column":12},"end":{"line":118,"column":13}},"55":{"start":{"line":117,"column":16},"end":{"line":117,"column":23}},"56":{"start":{"line":120,"column":8},"end":{"line":120,"column":30}},"57":{"start":{"line":125,"column":4},"end":{"line":127,"column":5}},"58":{"start":{"line":126,"column":8},"end":{"line":126,"column":56}},"59":{"start":{"line":129,"column":4},"end":{"line":129,"column":43}},"60":{"start":{"line":132,"column":0},"end":{"line":167,"column":2}},"61":{"start":{"line":133,"column":4},"end":{"line":133,"column":29}},"62":{"start":{"line":135,"column":4},"end":{"line":137,"column":5}},"63":{"start":{"line":136,"column":8},"end":{"line":136,"column":61}},"64":{"start":{"line":139,"column":4},"end":{"line":139,"column":140}},"65":{"start":{"line":140,"column":4},"end":{"line":140,"column":87}},"66":{"start":{"line":141,"column":4},"end":{"line":141,"column":107}},"67":{"start":{"line":142,"column":4},"end":{"line":142,"column":56}},"68":{"start":{"line":143,"column":4},"end":{"line":143,"column":97}},"69":{"start":{"line":144,"column":4},"end":{"line":144,"column":104}},"70":{"start":{"line":145,"column":4},"end":{"line":145,"column":116}},"71":{"start":{"line":146,"column":4},"end":{"line":146,"column":128}},"72":{"start":{"line":147,"column":4},"end":{"line":147,"column":123}},"73":{"start":{"line":148,"column":4},"end":{"line":148,"column":140}},"74":{"start":{"line":150,"column":4},"end":{"line":152,"column":5}},"75":{"start":{"line":151,"column":8},"end":{"line":151,"column":63}},"76":{"start":{"line":154,"column":4},"end":{"line":154,"column":76}},"77":{"start":{"line":155,"column":4},"end":{"line":155,"column":62}},"78":{"start":{"line":159,"column":4},"end":{"line":159,"column":36}},"79":{"start":{"line":160,"column":4},"end":{"line":164,"column":5}},"80":{"start":{"line":161,"column":8},"end":{"line":161,"column":26}},"81":{"start":{"line":162,"column":8},"end":{"line":162,"column":59}},"82":{"start":{"line":163,"column":8},"end":{"line":163,"column":48}},"83":{"start":{"line":166,"column":4},"end":{"line":166,"column":30}}},"branchMap":{"1":{"line":21,"type":"cond-expr","locations":[{"start":{"line":21,"column":83},"end":{"line":21,"column":92}},{"start":{"line":21,"column":95},"end":{"line":21,"column":117}}]},"2":{"line":25,"type":"cond-expr","locations":[{"start":{"line":25,"column":46},"end":{"line":25,"column":63}},{"start":{"line":25,"column":66},"end":{"line":25,"column":88}}]},"3":{"line":28,"type":"if","locations":[{"start":{"line":28,"column":8},"end":{"line":28,"column":8}},{"start":{"line":28,"column":8},"end":{"line":28,"column":8}}]},"4":{"line":30,"type":"cond-expr","locations":[{"start":{"line":30,"column":47},"end":{"line":30,"column":51}},{"start":{"line":30,"column":54},"end":{"line":30,"column":56}}]},"5":{"line":35,"type":"if","locations":[{"start":{"line":35,"column":8},"end":{"line":35,"column":8}},{"start":{"line":35,"column":8},"end":{"line":35,"column":8}}]},"6":{"line":46,"type":"if","locations":[{"start":{"line":46,"column":4},"end":{"line":46,"column":4}},{"start":{"line":46,"column":4},"end":{"line":46,"column":4}}]},"7":{"line":53,"type":"if","locations":[{"start":{"line":53,"column":4},"end":{"line":53,"column":4}},{"start":{"line":53,"column":4},"end":{"line":53,"column":4}}]},"8":{"line":57,"type":"cond-expr","locations":[{"start":{"line":57,"column":37},"end":{"line":57,"column":56}},{"start":{"line":57,"column":59},"end":{"line":57,"column":61}}]},"9":{"line":58,"type":"cond-expr","locations":[{"start":{"line":58,"column":89},"end":{"line":58,"column":106}},{"start":{"line":58,"column":109},"end":{"line":58,"column":113}}]},"10":{"line":58,"type":"binary-expr","locations":[{"start":{"line":58,"column":24},"end":{"line":58,"column":46}},{"start":{"line":58,"column":50},"end":{"line":58,"column":86}}]},"11":{"line":60,"type":"if","locations":[{"start":{"line":60,"column":8},"end":{"line":60,"column":8}},{"start":{"line":60,"column":8},"end":{"line":60,"column":8}}]},"12":{"line":61,"type":"binary-expr","locations":[{"start":{"line":61,"column":12},"end":{"line":61,"column":25}},{"start":{"line":62,"column":12},"end":{"line":62,"column":30}},{"start":{"line":63,"column":12},"end":{"line":63,"column":39}},{"start":{"line":64,"column":12},"end":{"line":64,"column":22}},{"start":{"line":65,"column":13},"end":{"line":65,"column":32}},{"start":{"line":65,"column":36},"end":{"line":65,"column":63}}]},"13":{"line":78,"type":"if","locations":[{"start":{"line":78,"column":4},"end":{"line":78,"column":4}},{"start":{"line":78,"column":4},"end":{"line":78,"column":4}}]},"14":{"line":83,"type":"cond-expr","locations":[{"start":{"line":83,"column":34},"end":{"line":83,"column":73}},{"start":{"line":83,"column":76},"end":{"line":83,"column":84}}]},"15":{"line":93,"type":"cond-expr","locations":[{"start":{"line":93,"column":27},"end":{"line":93,"column":54}},{"start":{"line":93,"column":57},"end":{"line":93,"column":60}}]},"16":{"line":98,"type":"if","locations":[{"start":{"line":98,"column":4},"end":{"line":98,"column":4}},{"start":{"line":98,"column":4},"end":{"line":98,"column":4}}]},"17":{"line":101,"type":"if","locations":[{"start":{"line":101,"column":8},"end":{"line":101,"column":8}},{"start":{"line":101,"column":8},"end":{"line":101,"column":8}}]},"18":{"line":101,"type":"binary-expr","locations":[{"start":{"line":101,"column":12},"end":{"line":101,"column":33}},{"start":{"line":101,"column":37},"end":{"line":101,"column":71}}]},"19":{"line":102,"type":"if","locations":[{"start":{"line":102,"column":12},"end":{"line":102,"column":12}},{"start":{"line":102,"column":12},"end":{"line":102,"column":12}}]},"20":{"line":113,"type":"binary-expr","locations":[{"start":{"line":113,"column":11},"end":{"line":113,"column":47}},{"start":{"line":113,"column":51},"end":{"line":113,"column":68}}]},"21":{"line":115,"type":"if","locations":[{"start":{"line":115,"column":8},"end":{"line":115,"column":8}},{"start":{"line":115,"column":8},"end":{"line":115,"column":8}}]},"22":{"line":115,"type":"binary-expr","locations":[{"start":{"line":115,"column":12},"end":{"line":115,"column":33}},{"start":{"line":115,"column":37},"end":{"line":115,"column":88}}]},"23":{"line":116,"type":"if","locations":[{"start":{"line":116,"column":12},"end":{"line":116,"column":12}},{"start":{"line":116,"column":12},"end":{"line":116,"column":12}}]},"24":{"line":125,"type":"if","locations":[{"start":{"line":125,"column":4},"end":{"line":125,"column":4}},{"start":{"line":125,"column":4},"end":{"line":125,"column":4}}]},"25":{"line":133,"type":"binary-expr","locations":[{"start":{"line":133,"column":18},"end":{"line":133,"column":22}},{"start":{"line":133,"column":26},"end":{"line":133,"column":28}}]},"26":{"line":135,"type":"if","locations":[{"start":{"line":135,"column":4},"end":{"line":135,"column":4}},{"start":{"line":135,"column":4},"end":{"line":135,"column":4}}]},"27":{"line":135,"type":"binary-expr","locations":[{"start":{"line":135,"column":8},"end":{"line":135,"column":32}},{"start":{"line":135,"column":36},"end":{"line":135,"column":65}},{"start":{"line":135,"column":69},"end":{"line":135,"column":106}}]},"28":{"line":139,"type":"cond-expr","locations":[{"start":{"line":139,"column":101},"end":{"line":139,"column":118}},{"start":{"line":139,"column":121},"end":{"line":139,"column":139}}]},"29":{"line":139,"type":"binary-expr","locations":[{"start":{"line":139,"column":24},"end":{"line":139,"column":61}},{"start":{"line":139,"column":65},"end":{"line":139,"column":98}}]},"30":{"line":140,"type":"cond-expr","locations":[{"start":{"line":140,"column":56},"end":{"line":140,"column":69}},{"start":{"line":140,"column":72},"end":{"line":140,"column":86}}]},"31":{"line":141,"type":"cond-expr","locations":[{"start":{"line":141,"column":66},"end":{"line":141,"column":84}},{"start":{"line":141,"column":87},"end":{"line":141,"column":106}}]},"32":{"line":143,"type":"cond-expr","locations":[{"start":{"line":143,"column":62},"end":{"line":143,"column":77}},{"start":{"line":143,"column":80},"end":{"line":143,"column":96}}]},"33":{"line":144,"type":"cond-expr","locations":[{"start":{"line":144,"column":65},"end":{"line":144,"column":82}},{"start":{"line":144,"column":85},"end":{"line":144,"column":103}}]},"34":{"line":145,"type":"cond-expr","locations":[{"start":{"line":145,"column":71},"end":{"line":145,"column":91}},{"start":{"line":145,"column":94},"end":{"line":145,"column":115}}]},"35":{"line":146,"type":"cond-expr","locations":[{"start":{"line":146,"column":77},"end":{"line":146,"column":100}},{"start":{"line":146,"column":103},"end":{"line":146,"column":127}}]},"36":{"line":147,"type":"cond-expr","locations":[{"start":{"line":147,"column":74},"end":{"line":147,"column":96}},{"start":{"line":147,"column":99},"end":{"line":147,"column":122}}]},"37":{"line":148,"type":"cond-expr","locations":[{"start":{"line":148,"column":83},"end":{"line":148,"column":109}},{"start":{"line":148,"column":112},"end":{"line":148,"column":139}}]},"38":{"line":150,"type":"if","locations":[{"start":{"line":150,"column":4},"end":{"line":150,"column":4}},{"start":{"line":150,"column":4},"end":{"line":150,"column":4}}]},"39":{"line":150,"type":"binary-expr","locations":[{"start":{"line":150,"column":8},"end":{"line":150,"column":18}},{"start":{"line":150,"column":22},"end":{"line":150,"column":34}},{"start":{"line":150,"column":38},"end":{"line":150,"column":64}}]},"40":{"line":151,"type":"cond-expr","locations":[{"start":{"line":151,"column":38},"end":{"line":151,"column":57}},{"start":{"line":151,"column":60},"end":{"line":151,"column":62}}]},"41":{"line":154,"type":"cond-expr","locations":[{"start":{"line":154,"column":44},"end":{"line":154,"column":69}},{"start":{"line":154,"column":72},"end":{"line":154,"column":75}}]},"42":{"line":155,"type":"cond-expr","locations":[{"start":{"line":155,"column":37},"end":{"line":155,"column":56}},{"start":{"line":155,"column":59},"end":{"line":155,"column":61}}]}},"code":["'use strict';","","var utils = require('./utils');","","var has = Object.prototype.hasOwnProperty;","","var defaults = {","    allowDots: false,","    allowPrototypes: false,","    arrayLimit: 20,","    decoder: utils.decode,","    delimiter: '&',","    depth: 5,","    parameterLimit: 1000,","    plainObjects: false,","    strictNullHandling: false","};","","var parseValues = function parseQueryStringValues(str, options) {","    var obj = {};","    var parts = str.split(options.delimiter, options.parameterLimit === Infinity ? undefined : options.parameterLimit);","","    for (var i = 0; i < parts.length; ++i) {","        var part = parts[i];","        var pos = part.indexOf(']=') === -1 ? part.indexOf('=') : part.indexOf(']=') + 1;","","        var key, val;","        if (pos === -1) {","            key = options.decoder(part);","            val = options.strictNullHandling ? null : '';","        } else {","            key = options.decoder(part.slice(0, pos));","            val = options.decoder(part.slice(pos + 1));","        }","        if (has.call(obj, key)) {","            obj[key] = [].concat(obj[key]).concat(val);","        } else {","            obj[key] = val;","        }","    }","","    return obj;","};","","var parseObject = function parseObjectRecursive(chain, val, options) {","    if (!chain.length) {","        return val;","    }","","    var root = chain.shift();","","    var obj;","    if (root === '[]') {","        obj = [];","        obj = obj.concat(parseObject(chain, val, options));","    } else {","        obj = options.plainObjects ? Object.create(null) : {};","        var cleanRoot = root.charAt(0) === '[' && root.charAt(root.length - 1) === ']' ? root.slice(1, -1) : root;","        var index = parseInt(cleanRoot, 10);","        if (","            !isNaN(index) &&","            root !== cleanRoot &&","            String(index) === cleanRoot &&","            index >= 0 &&","            (options.parseArrays && index <= options.arrayLimit)","        ) {","            obj = [];","            obj[index] = parseObject(chain, val, options);","        } else {","            obj[cleanRoot] = parseObject(chain, val, options);","        }","    }","","    return obj;","};","","var parseKeys = function parseQueryStringKeys(givenKey, val, options) {","    if (!givenKey) {","        return;","    }","","    // Transform dot notation to bracket notation","    var key = options.allowDots ? givenKey.replace(/\\.([^.[]+)/g, '[$1]') : givenKey;","","    // The regex chunks","","    var brackets = /(\\[[^[\\]]*])/;","    var child = /(\\[[^[\\]]*])/g;","","    // Get the parent","","    var segment = brackets.exec(key);","    var parent = segment ? key.slice(0, segment.index) : key;","","    // Stash the parent if it exists","","    var keys = [];","    if (parent) {","        // If we aren't using plain objects, optionally prefix keys","        // that would overwrite object prototype properties","        if (!options.plainObjects && has.call(Object.prototype, parent)) {","            if (!options.allowPrototypes) {","                return;","            }","        }","","        keys.push(parent);","    }","","    // Loop through children appending to the array until we hit depth","","    var i = 0;","    while ((segment = child.exec(key)) !== null && i < options.depth) {","        i += 1;","        if (!options.plainObjects && has.call(Object.prototype, segment[1].slice(1, -1))) {","            if (!options.allowPrototypes) {","                return;","            }","        }","        keys.push(segment[1]);","    }","","    // If there's a remainder, just add whatever is left","","    if (segment) {","        keys.push('[' + key.slice(segment.index) + ']');","    }","","    return parseObject(keys, val, options);","};","","module.exports = function (str, opts) {","    var options = opts || {};","","    if (options.decoder !== null && options.decoder !== undefined && typeof options.decoder !== 'function') {","        throw new TypeError('Decoder has to be a function.');","    }","","    options.delimiter = typeof options.delimiter === 'string' || utils.isRegExp(options.delimiter) ? options.delimiter : defaults.delimiter;","    options.depth = typeof options.depth === 'number' ? options.depth : defaults.depth;","    options.arrayLimit = typeof options.arrayLimit === 'number' ? options.arrayLimit : defaults.arrayLimit;","    options.parseArrays = options.parseArrays !== false;","    options.decoder = typeof options.decoder === 'function' ? options.decoder : defaults.decoder;","    options.allowDots = typeof options.allowDots === 'boolean' ? options.allowDots : defaults.allowDots;","    options.plainObjects = typeof options.plainObjects === 'boolean' ? options.plainObjects : defaults.plainObjects;","    options.allowPrototypes = typeof options.allowPrototypes === 'boolean' ? options.allowPrototypes : defaults.allowPrototypes;","    options.parameterLimit = typeof options.parameterLimit === 'number' ? options.parameterLimit : defaults.parameterLimit;","    options.strictNullHandling = typeof options.strictNullHandling === 'boolean' ? options.strictNullHandling : defaults.strictNullHandling;","","    if (str === '' || str === null || typeof str === 'undefined') {","        return options.plainObjects ? Object.create(null) : {};","    }","","    var tempObj = typeof str === 'string' ? parseValues(str, options) : str;","    var obj = options.plainObjects ? Object.create(null) : {};","","    // Iterate over the keys and setup the new object","","    var keys = Object.keys(tempObj);","    for (var i = 0; i < keys.length; ++i) {","        var key = keys[i];","        var newObj = parseKeys(key, tempObj[key], options);","        obj = utils.merge(obj, newObj, options);","    }","","    return utils.compact(obj);","};",""],"l":{"3":1,"5":1,"7":1,"19":1,"20":0,"21":0,"23":0,"24":0,"25":0,"27":0,"28":0,"29":0,"30":0,"32":0,"33":0,"35":0,"36":0,"38":0,"42":0,"45":1,"46":0,"47":0,"50":0,"52":0,"53":0,"54":0,"55":0,"57":0,"58":0,"59":0,"60":0,"67":0,"68":0,"70":0,"74":0,"77":1,"78":0,"79":0,"83":0,"87":0,"88":0,"92":0,"93":0,"97":0,"98":0,"101":0,"102":0,"103":0,"107":0,"112":0,"113":0,"114":0,"115":0,"116":0,"117":0,"120":0,"125":0,"126":0,"129":0,"132":1,"133":0,"135":0,"136":0,"139":0,"140":0,"141":0,"142":0,"143":0,"144":0,"145":0,"146":0,"147":0,"148":0,"150":0,"151":0,"154":0,"155":0,"159":0,"160":0,"161":0,"162":0,"163":0,"166":0}}}